2026-02-06T16:52:05.755481Z 00O [0KRunning with gitlab-runner 18.8.0 (9ffb4aa0)[0;m
2026-02-06T16:52:05.755499Z 00O [0K  on gitlab-server 6b6O2to6P, system ID: s_5f2e0988ea27[0;m
2026-02-06T16:52:05.755529Z 00O section_start:1770396725:prepare_executor
2026-02-06T16:52:05.755531Z 00O+[0K[0K[36;1mPreparing the "shell" executor[0;m[0;m
2026-02-06T16:52:05.755600Z 00O [0KUsing Shell (bash) executor...[0;m
2026-02-06T16:52:05.755603Z 00O section_end:1770396725:prepare_executor
2026-02-06T16:52:05.755604Z 00O+[0Ksection_start:1770396725:prepare_script
2026-02-06T16:52:05.755803Z 00O+[0K[0K[36;1mPreparing environment[0;m[0;m
2026-02-06T16:52:06.132437Z 01O Running on gitlab-server...
2026-02-06T16:52:06.137504Z 00O section_end:1770396726:prepare_script
2026-02-06T16:52:06.137510Z 00O+[0Ksection_start:1770396726:get_sources
2026-02-06T16:52:06.137909Z 00O+[0K[0K[36;1mGetting source from Git repository[0;m[0;m
2026-02-06T16:52:06.313572Z 01O [32;1mGitaly correlation ID: 01KGSXWC780716DWRTV9FXVMQQ[0;m
2026-02-06T16:52:06.321808Z 01O [32;1mFetching changes with git depth set to 20...[0;m
2026-02-06T16:52:06.324113Z 01O Reinitialized existing Git repository in /home/gitlab-runner/builds/6b6O2to6P/0/root/ci-proxmox/.git/
2026-02-06T16:52:06.594020Z 01O [32;1mChecking out 324b2143 as detached HEAD (ref is main)...[0;m
2026-02-06T16:52:06.602718Z 01O [32;1mSkipping Git submodules setup[0;m
2026-02-06T16:52:06.606829Z 00O section_end:1770396726:get_sources
2026-02-06T16:52:06.606833Z 00O+[0Ksection_start:1770396726:step_script
2026-02-06T16:52:06.607477Z 00O+[0K[0K[36;1mExecuting "step_script" stage of the job script[0;m[0;m
2026-02-06T16:52:06.755556Z 01O [32;1m$ cd ansible[0;m
2026-02-06T16:52:06.755571Z 01O [32;1m$ pwd[0;m
2026-02-06T16:52:06.755573Z 01O /home/gitlab-runner/builds/6b6O2to6P/0/root/ci-proxmox/ansible
2026-02-06T16:52:06.755575Z 01O [32;1m$ ls -l[0;m
2026-02-06T16:52:06.759437Z 01O total 20
2026-02-06T16:52:06.759441Z 01O -rw-r--r--. 1 gitlab-runner gitlab-runner  140 Feb  6 16:52 ansible.cfg
2026-02-06T16:52:06.759443Z 01O drwxr-xr-x. 2 gitlab-runner gitlab-runner 4096 Feb  1 20:52 group_vars
2026-02-06T16:52:06.759444Z 01O drwxr-xr-x. 2 gitlab-runner gitlab-runner 4096 Feb  6 16:43 inventory
2026-02-06T16:52:06.759445Z 01O drwxr-xr-x. 2 gitlab-runner gitlab-runner 4096 Feb  6 16:43 playbooks
2026-02-06T16:52:06.759446Z 01O drwxr-xr-x. 3 gitlab-runner gitlab-runner 4096 Feb  6 16:43 roles
2026-02-06T16:52:06.759743Z 01O [32;1m$ ansible-playbook playbooks/deploy-atmosphere.yml -vv[0;m
2026-02-06T16:52:07.220684Z 01E [WARNING]: Found both group and host with same name: openstack
2026-02-06T16:52:07.334642Z 01O ansible-playbook [core 2.20.2]
2026-02-06T16:52:07.334650Z 01O   config file = /home/gitlab-runner/builds/6b6O2to6P/0/root/ci-proxmox/ansible/ansible.cfg
2026-02-06T16:52:07.334652Z 01O   configured module search path = ['/home/gitlab-runner/.ansible/plugins/modules', '/usr/share/ansible/plugins/modules']
2026-02-06T16:52:07.334654Z 01O   ansible python module location = /home/gitlab-runner/.local/lib/python3.12/site-packages/ansible
2026-02-06T16:52:07.334656Z 01O   ansible collection location = /home/gitlab-runner/.ansible/collections:/usr/share/ansible/collections
2026-02-06T16:52:07.334657Z 01O   executable location = /home/gitlab-runner/.local/bin/ansible-playbook
2026-02-06T16:52:07.334658Z 01O   python version = 3.12.12 (main, Jan 16 2026, 00:00:00) [GCC 14.3.1 20250617 (Red Hat 14.3.1-2)] (/usr/bin/python3)
2026-02-06T16:52:07.334660Z 01O   jinja version = 3.1.6
2026-02-06T16:52:07.334661Z 01O   pyyaml version = 6.0.1 (with libyaml v0.2.5)
2026-02-06T16:52:07.334662Z 01O Using /home/gitlab-runner/builds/6b6O2to6P/0/root/ci-proxmox/ansible/ansible.cfg as config file
2026-02-06T16:52:07.334663Z 01O Skipping callback 'minimal', as we already have a stdout callback.
2026-02-06T16:52:07.334664Z 01O Skipping callback 'oneline', as we already have a stdout callback.
2026-02-06T16:52:07.334665Z 01O 
2026-02-06T16:52:07.334666Z 01O PLAYBOOK: deploy-atmosphere.yml ************************************************
2026-02-06T16:52:07.334698Z 01O 1 plays in playbooks/deploy-atmosphere.yml
2026-02-06T16:52:07.334699Z 01O 
2026-02-06T16:52:07.334700Z 01O PLAY [Deploy OpenStack AIO with Atmosphere] ************************************
2026-02-06T16:52:07.334701Z 01O 
2026-02-06T16:52:07.334702Z 01O TASK [Gathering Facts] *********************************************************
2026-02-06T16:52:07.334703Z 01O task path: /home/gitlab-runner/builds/6b6O2to6P/0/root/ci-proxmox/ansible/playbooks/deploy-atmosphere.yml:1
2026-02-06T16:52:10.714502Z 01E [WARNING]: Host 'openstack' is using the discovered Python interpreter at '/usr/bin/python3.10', but future installation of another Python interpreter could cause a different interpreter to be discovered. See https://docs.ansible.com/ansible-core/2.20/reference_appendices/interpreter_discovery.html for more information.
2026-02-06T16:52:10.720788Z 01O ok: [openstack]
2026-02-06T16:52:10.720793Z 01O 
2026-02-06T16:52:10.720794Z 01O TASK [atmosphere : Update system] **********************************************
2026-02-06T16:52:10.720796Z 01O task path: /home/gitlab-runner/builds/6b6O2to6P/0/root/ci-proxmox/ansible/roles/atmosphere/tasks/main.yml:1
2026-02-06T16:53:24.543183Z 01O changed: [openstack] => {"changed": true, "msg": "Reading package lists...\nBuilding dependency tree...\nReading state information...\nCalculating upgrade...\nThe following NEW packages will be installed:\n  linux-image-5.15.0-168-generic linux-modules-5.15.0-168-generic\n  linux-modules-extra-5.15.0-168-generic\nThe following packages have been kept back:\n  libldap-2.5-0 libldap-common\nThe following packages will be upgraded:\n  libc-bin libc6 libglib2.0-0 libglib2.0-bin libglib2.0-data libpython3.10\n  libpython3.10-minimal libpython3.10-stdlib libssl3 linux-firmware\n  linux-image-generic locales openssl python3.10 python3.10-minimal screen\n16 upgraded, 3 newly installed, 0 to remove and 2 not upgraded.\nNeed to get 435 MB of archives.\nAfter this operation, 483 MB of additional disk space will be used.\nGet:1 http://archive.ubuntu.com/ubuntu jammy-updates/main amd64 libpython3.10 amd64 3.10.12-1~22.04.14 [1949 kB]\nGet:2 http://mirror.hetzner.com/ubuntu/packages jammy-updates/main amd64 libc6 amd64 2.35-0ubuntu3.13 [3235 kB]\nGet:3 http://archive.ubuntu.com/ubuntu jammy-updates/main amd64 python3.10 amd64 3.10.12-1~22.04.14 [509 kB]\nGet:4 http://archive.ubuntu.com/ubuntu jammy-updates/main amd64 libpython3.10-stdlib amd64 3.10.12-1~22.04.14 [1850 kB]\nGet:5 http://archive.ubuntu.com/ubuntu jammy-updates/main amd64 python3.10-minimal amd64 3.10.12-1~22.04.14 [2275 kB]\nGet:6 http://archive.ubuntu.com/ubuntu jammy-updates/main amd64 libpython3.10-minimal amd64 3.10.12-1~22.04.14 [816 kB]\nGet:7 http://archive.ubuntu.com/ubuntu jammy-updates/main amd64 libglib2.0-data all 2.72.4-0ubuntu2.9 [5088 B]\nGet:8 http://archive.ubuntu.com/ubuntu jammy-updates/main amd64 libglib2.0-bin amd64 2.72.4-0ubuntu2.9 [80.9 kB]\nGet:9 http://archive.ubuntu.com/ubuntu jammy-updates/main amd64 libglib2.0-0 amd64 2.72.4-0ubuntu2.9 [1467 kB]\nGet:10 http://mirror.hetzner.com/ubuntu/packages jammy-updates/main amd64 libc-bin amd64 2.35-0ubuntu3.13 [706 kB]\nGet:11 http://mirror.hetzner.com/ubuntu/packages jammy-updates/main amd64 libssl3 amd64 3.0.2-0ubuntu1.21 [1905 kB]\nGet:12 http://mirror.hetzner.com/ubuntu/packages jammy-updates/main amd64 locales all 2.35-0ubuntu3.13 [4248 kB]\nGet:13 http://mirror.hetzner.com/ubuntu/packages jammy-updates/main amd64 openssl amd64 3.0.2-0ubuntu1.21 [1184 kB]\nGet:14 http://mirror.hetzner.com/ubuntu/packages jammy-updates/main amd64 linux-firmware all 20220329.git681281e4-0ubuntu3.41 [316 MB]\nGet:15 http://mirror.hetzner.com/ubuntu/packages jammy-updates/main amd64 linux-modules-5.15.0-168-generic amd64 5.15.0-168.178 [22.7 MB]\nGet:16 http://mirror.hetzner.com/ubuntu/packages jammy-updates/main amd64 linux-image-5.15.0-168-generic amd64 5.15.0-168.178 [11.6 MB]\nGet:17 http://mirror.hetzner.com/ubuntu/packages jammy-updates/main amd64 linux-modules-extra-5.15.0-168-generic amd64 5.15.0-168.178 [63.9 MB]\nGet:18 http://mirror.hetzner.com/ubuntu/packages jammy-updates/main amd64 linux-image-generic amd64 5.15.0.168.159 [2488 B]\nGet:19 http://mirror.hetzner.com/ubuntu/packages jammy-updates/main amd64 screen amd64 4.9.0-1ubuntu0.1 [672 kB]\nPreconfiguring packages ...\nFetched 435 MB in 5s (89.4 MB/s)\n(Reading database ... \r(Reading database ... 5%\r(Reading database ... 10%\r(Reading database ... 15%\r(Reading database ... 20%\r(Reading database ... 25%\r(Reading database ... 30%\r(Reading database ... 35%\r(Reading database ... 40%\r(Reading database ... 45%\r(Reading database ... 50%\r(Reading database ... 55%\r(Reading database ... 60%\r(Reading database ... 65%\r(Reading database ... 70%\r(Reading database ... 75%\r(Reading database ... 80%\r(Reading database ... 85%\r(Reading database ... 90%\r(Reading database ... 95%\r(Reading database ... 100%\r(Reading database ... 43783 files and directories currently installed.)\r\nPreparing to unpack .../libc6_2.35-0ubuntu3.13_amd64.deb ...\r\nUnpacking libc6:amd64 (2.35-0ubuntu3.13) over (2.35-0ubuntu3.12) ...\r\nSetting up libc6:amd64 (2.35-0ubuntu3.13) ...\r\n(Reading database ... \r(Reading database ... 5%\r(Reading database ... 10%\r(Reading database ... 15%\r(Reading database ... 20%\r(Reading database ... 25%\r(Reading database ... 30%\r(Reading database ... 35%\r(Reading database ... 40%\r(Reading database ... 45%\r(Reading database ... 50%\r(Reading database ... 55%\r(Reading database ... 60%\r(Reading database ... 65%\r(Reading database ... 70%\r(Reading database ... 75%\r(Reading database ... 80%\r(Reading database ... 85%\r(Reading database ... 90%\r(Reading database ... 95%\r(Reading database ... 100%\r(Reading database ... 43783 files and directories currently installed.)\r\nPreparing to unpack .../libc-bin_2.35-0ubuntu3.13_amd64.deb ...\r\nUnpacking libc-bin (2.35-0ubuntu3.13) over (2.35-0ubuntu3.12) ...\r\nSetting up libc-bin (2.35-0ubuntu3.13) ...\r\n(Reading database ... \r(Reading database ... 5%\r(Reading database ... 10%\r(Reading database ... 15%\r(Reading database ... 20%\r(Reading database ... 25%\r(Reading database ... 30%\r(Reading database ... 35%\r(Reading database ... 40%\r(Reading database ... 45%\r(Reading database ... 50%\r(Reading database ... 55%\r(Reading database ... 60%\r(Reading database ... 65%\r(Reading database ... 70%\r(Reading database ... 75%\r(Reading database ... 80%\r(Reading database ... 85%\r(Reading database ... 90%\r(Reading database ... 95%\r(Reading database ... 100%\r(Reading database ... 43783 files and directories currently installed.)\r\nPreparing to unpack .../libpython3.10_3.10.12-1~22.04.14_amd64.deb ...\r\nUnpacking libpython3.10:amd64 (3.10.12-1~22.04.14) over (3.10.12-1~22.04.13) ...\r\nPreparing to unpack .../libssl3_3.0.2-0ubuntu1.21_amd64.deb ...\r\nUnpacking libssl3:amd64 (3.0.2-0ubuntu1.21) over (3.0.2-0ubuntu1.20) ...\r\nSetting up libssl3:amd64 (3.0.2-0ubuntu1.21) ...\r\n(Reading database ... \r(Reading database ... 5%\r(Reading database ... 10%\r(Reading database ... 15%\r(Reading database ... 20%\r(Reading database ... 25%\r(Reading database ... 30%\r(Reading database ... 35%\r(Reading database ... 40%\r(Reading database ... 45%\r(Reading database ... 50%\r(Reading database ... 55%\r(Reading database ... 60%\r(Reading database ... 65%\r(Reading database ... 70%\r(Reading database ... 75%\r(Reading database ... 80%\r(Reading database ... 85%\r(Reading database ... 90%\r(Reading database ... 95%\r(Reading database ... 100%\r(Reading database ... 43783 files and directories currently installed.)\r\nPreparing to unpack .../00-python3.10_3.10.12-1~22.04.14_amd64.deb ...\r\nUnpacking python3.10 (3.10.12-1~22.04.14) over (3.10.12-1~22.04.13) ...\r\nPreparing to unpack .../01-libpython3.10-stdlib_3.10.12-1~22.04.14_amd64.deb ...\r\nUnpacking libpython3.10-stdlib:amd64 (3.10.12-1~22.04.14) over (3.10.12-1~22.04.13) ...\r\nPreparing to unpack .../02-python3.10-minimal_3.10.12-1~22.04.14_amd64.deb ...\r\nUnpacking python3.10-minimal (3.10.12-1~22.04.14) over (3.10.12-1~22.04.13) ...\r\nPreparing to unpack .../03-libpython3.10-minimal_3.10.12-1~22.04.14_amd64.deb ...\r\nUnpacking libpython3.10-minimal:amd64 (3.10.12-1~22.04.14) over (3.10.12-1~22.04.13) ...\r\nPreparing to unpack .../04-libglib2.0-data_2.72.4-0ubuntu2.9_all.deb ...\r\nUnpacking libglib2.0-data (2.72.4-0ubuntu2.9) over (2.72.4-0ubuntu2.8) ...\r\nPreparing to unpack .../05-libglib2.0-bin_2.72.4-0ubuntu2.9_amd64.deb ...\r\nUnpacking libglib2.0-bin (2.72.4-0ubuntu2.9) over (2.72.4-0ubuntu2.8) ...\r\nPreparing to unpack .../06-libglib2.0-0_2.72.4-0ubuntu2.9_amd64.deb ...\r\nUnpacking libglib2.0-0:amd64 (2.72.4-0ubuntu2.9) over (2.72.4-0ubuntu2.8) ...\r\nPreparing to unpack .../07-locales_2.35-0ubuntu3.13_all.deb ...\r\nUnpacking locales (2.35-0ubuntu3.13) over (2.35-0ubuntu3.12) ...\r\nPreparing to unpack .../08-openssl_3.0.2-0ubuntu1.21_amd64.deb ...\r\nUnpacking openssl (3.0.2-0ubuntu1.21) over (3.0.2-0ubuntu1.20) ...\r\nPreparing to unpack .../09-linux-firmware_20220329.git681281e4-0ubuntu3.41_all.deb ...\r\nUnpacking linux-firmware (20220329.git681281e4-0ubuntu3.41) over (20220329.git681281e4-0ubuntu3.40) ...\r\nSelecting previously unselected package linux-modules-5.15.0-168-generic.\r\nPreparing to unpack .../10-linux-modules-5.15.0-168-generic_5.15.0-168.178_amd64.deb ...\r\nUnpacking linux-modules-5.15.0-168-generic (5.15.0-168.178) ...\r\nSelecting previously unselected package linux-image-5.15.0-168-generic.\r\nPreparing to unpack .../11-linux-image-5.15.0-168-generic_5.15.0-168.178_amd64.deb ...\r\nUnpacking linux-image-5.15.0-168-generic (5.15.0-168.178) ...\r\nSelecting previously unselected package linux-modules-extra-5.15.0-168-generic.\r\nPreparing to unpack .../12-linux-modules-extra-5.15.0-168-generic_5.15.0-168.178_amd64.deb ...\r\nUnpacking linux-modules-extra-5.15.0-168-generic (5.15.0-168.178) ...\r\nPreparing to unpack .../13-linux-image-generic_5.15.0.168.159_amd64.deb ...\r\nUnpacking linux-image-generic (5.15.0.168.159) over (5.15.0.164.159) ...\r\nPreparing to unpack .../14-screen_4.9.0-1ubuntu0.1_amd64.deb ...\r\nUnpacking screen (4.9.0-1ubuntu0.1) over (4.9.0-1) ...\r\nSetting up linux-firmware (20220329.git681281e4-0ubuntu3.41) ...\r\nupdate-initramfs: Generating /boot/initrd.img-5.15.0-164-generic\r\nI: The initramfs will attempt to resume from /dev/md0\r\nI: (UUID=66ea7d4c-37d1-415a-ba94-17056cfd6ab9)\r\nI: Set the RESUME variable to override this.\r\nSetting up libglib2.0-0:amd64 (2.72.4-0ubuntu2.9) ...\r\nNo schema files found: doing nothing.\r\nSetting up screen (4.9.0-1ubuntu0.1) ...\r\nSetting up locales (2.35-0ubuntu3.13) ...\r\nGenerating locales (this might take a while)...\r\n  en_US.UTF-8... done\r\nGeneration complete.\r\nSetting up libglib2.0-data (2.72.4-0ubuntu2.9) ...\r\nSetting up libpython3.10-minimal:amd64 (3.10.12-1~22.04.14) ...\r\nSetting up openssl (3.0.2-0ubuntu1.21) ...\r\nSetting up libglib2.0-bin (2.72.4-0ubuntu2.9) ...\r\nSetting up python3.10-minimal (3.10.12-1~22.04.14) ...\r\nSetting up libpython3.10-stdlib:amd64 (3.10.12-1~22.04.14) ...\r\nSetting up libpython3.10:amd64 (3.10.12-1~22.04.14) ...\r\nSetting up python3.10 (3.10.12-1~22.04.14) ...\r\nSetting up linux-image-5.15.0-168-generic (5.15.0-168.178) ...\r\nI: /boot/vmlinuz is now a symlink to vmlinuz-5.15.0-168-generic\r\nI: /boot/initrd.img is now a symlink to initrd.img-5.15.0-168-generic\r\nSetting up linux-modules-extra-5.15.0-168-generic (5.15.0-168.178) ...\r\nSetting up linux-image-generic (5.15.0.168.159) ...\r\nSetting up linux-modules-5.15.0-168-generic (5.15.0-168.178) ...\r\nProcessing triggers for install-info (6.8-4build1) ...\r\nProcessing triggers for libc-bin (2.35-0ubuntu3.13) ...\r\nProcessing triggers for man-db (2.10.2-1) ...\r\nProcessing triggers for linux-image-5.15.0-168-generic (5.15.0-168.178) ...\r\n/etc/kernel/postinst.d/initramfs-tools:\r\nupdate-initramfs: Generating /boot/initrd.img-5.15.0-168-generic\r\nI: The initramfs will attempt to resume from /dev/md0\r\nI: (UUID=66ea7d4c-37d1-415a-ba94-17056cfd6ab9)\r\nI: Set the RESUME variable to override this.\r\n/etc/kernel/postinst.d/zz-update-grub:\r\nSourcing file `/etc/default/grub'\r\nSourcing file `/etc/default/grub.d/hetzner.cfg'\r\nSourcing file `/etc/default/grub.d/init-select.cfg'\r\nGenerating grub configuration file ...\r\nFound linux image: /boot/vmlinuz-5.15.0-168-generic\r\nFound initrd image: /boot/initrd.img-5.15.0-168-generic\r\nFound linux image: /boot/vmlinuz-5.15.0-164-generic\r\nFound initrd image: /boot/initrd.img-5.15.0-164-generic\r\nWarning: os-prober will not be executed to detect other bootable partitions.\r\nSystems on them will not be added to the GRUB boot configuration.\r\nCheck GRUB_DISABLE_OS_PROBER documentation entry.\r\ndone\r\n", "stderr": "", "stderr_lines": [], "stdout": "Reading package lists...\nBuilding dependency tree...\nReading state information...\nCalculating upgrade...\nThe following NEW packages will be installed:\n  linux-image-5.15.0-168-generic linux-modules-5.15.0-168-generic\n  linux-modules-extra-5.15.0-168-generic\nThe following packages have been kept back:\n  libldap-2.5-0 libldap-common\nThe following packages will be upgraded:\n  libc-bin libc6 libglib2.0-0 libglib2.0-bin libglib2.0-data libpython3.10\n  libpython3.10-minimal libpython3.10-stdlib libssl3 linux-firmware\n  linux-image-generic locales openssl python3.10 python3.10-minimal screen\n16 upgraded, 3 newly installed, 0 to remove and 2 not upgraded.\nNeed to get 435 MB of archives.\nAfter this operation, 483 MB of additional disk space will be used.\nGet:1 http://archive.ubuntu.com/ubuntu jammy-updates/main amd64 libpython3.10 amd64 3.10.12-1~22.04.14 [1949 kB]\nGet:2 http://mirror.hetzner.com/ubuntu/packages jammy-updates/main amd64 libc6 amd64 2.35-0ubuntu3.13 [3235 kB]\nGet:3 http://archive.ubuntu.com/ubuntu jammy-updates/main amd64 python3.10 amd64 3.10.12-1~22.04.14 [509 kB]\nGet:4 http://archive.ubuntu.com/ubuntu jammy-updates/main amd64 libpython3.10-stdlib amd64 3.10.12-1~22.04.14 [1850 kB]\nGet:5 http://archive.ubuntu.com/ubuntu jammy-updates/main amd64 python3.10-minimal amd64 3.10.12-1~22.04.14 [2275 kB]\nGet:6 http://archive.ubuntu.com/ubuntu jammy-updates/main amd64 libpython3.10-minimal amd64 3.10.12-1~22.04.14 [816 kB]\nGet:7 http://archive.ubuntu.com/ubuntu jammy-updates/main amd64 libglib2.0-data all 2.72.4-0ubuntu2.9 [5088 B]\nGet:8 http://archive.ubuntu.com/ubuntu jammy-updates/main amd64 libglib2.0-bin amd64 2.72.4-0ubuntu2.9 [80.9 kB]\nGet:9 http://archive.ubuntu.com/ubuntu jammy-updates/main amd64 libglib2.0-0 amd64 2.72.4-0ubuntu2.9 [1467 kB]\nGet:10 http://mirror.hetzner.com/ubuntu/packages jammy-updates/main amd64 libc-bin amd64 2.35-0ubuntu3.13 [706 kB]\nGet:11 http://mirror.hetzner.com/ubuntu/packages jammy-updates/main amd64 libssl3 amd64 3.0.2-0ubuntu1.21 [1905 kB]\nGet:12 http://mirror.hetzner.com/ubuntu/packages jammy-updates/main amd64 locales all 2.35-0ubuntu3.13 [4248 kB]\nGet:13 http://mirror.hetzner.com/ubuntu/packages jammy-updates/main amd64 openssl amd64 3.0.2-0ubuntu1.21 [1184 kB]\nGet:14 http://mirror.hetzner.com/ubuntu/packages jammy-updates/main amd64 linux-firmware all 20220329.git681281e4-0ubuntu3.41 [316 MB]\nGet:15 http://mirror.hetzner.com/ubuntu/packages jammy-updates/main amd64 linux-modules-5.15.0-168-generic amd64 5.15.0-168.178 [22.7 MB]\nGet:16 http://mirror.hetzner.com/ubuntu/packages jammy-updates/main amd64 linux-image-5.15.0-168-generic amd64 5.15.0-168.178 [11.6 MB]\nGet:17 http://mirror.hetzner.com/ubuntu/packages jammy-updates/main amd64 linux-modules-extra-5.15.0-168-generic amd64 5.15.0-168.178 [63.9 MB]\nGet:18 http://mirror.hetzner.com/ubuntu/packages jammy-updates/main amd64 linux-image-generic amd64 5.15.0.168.159 [2488 B]\nGet:19 http://mirror.hetzner.com/ubuntu/packages jammy-updates/main amd64 screen amd64 4.9.0-1ubuntu0.1 [672 kB]\nPreconfiguring packages ...\nFetched 435 MB in 5s (89.4 MB/s)\n(Reading database ... \r(Reading database ... 5%\r(Reading database ... 10%\r(Reading database ... 15%\r(Reading database ... 20%\r(Reading database ... 25%\r(Reading database ... 30%\r(Reading database ... 35%\r(Reading database ... 40%\r(Reading database ... 45%\r(Reading database ... 50%\r(Reading database ... 55%\r(Reading database ... 60%\r(Reading database ... 65%\r(Reading database ... 70%\r(Reading database ... 75%\r(Reading database ... 80%\r(Reading database ... 85%\r(Reading database ... 90%\r(Reading database ... 95%\r(Reading database ... 100%\r(Reading database ... 43783 files and directories currently installed.)\r\nPreparing to unpack .../libc6_2.35-0ubuntu3.13_amd64.deb ...\r\nUnpacking libc6:amd64 (2.35-0ubuntu3.13) over (2.35-0ubuntu3.12) ...\r\nSetting up libc6:amd64 (2.35-0ubuntu3.13) ...\r\n(Reading database ... \r(Reading database ... 5%\r(Reading database ... 10%\r(Reading database ... 15%\r(Reading database ... 20%\r(Reading database ... 25%\r(Reading database ... 30%\r(Reading database ... 35%\r(Reading database ... 40%\r(Reading database ... 45%\r(Reading database ... 50%\r(Reading database ... 55%\r(Reading database ... 60%\r(Reading database ... 65%\r(Reading database ... 70%\r(Reading database ... 75%\r(Reading database ... 80%\r(Reading database ... 85%\r(Reading database ... 90%\r(Reading database ... 95%\r(Reading database ... 100%\r(Reading database ... 43783 files and directories currently installed.)\r\nPreparing to unpack .../libc-bin_2.35-0ubuntu3.13_amd64.deb ...\r\nUnpacking libc-bin (2.35-0ubuntu3.13) over (2.35-0ubuntu3.12) ...\r\nSetting up libc-bin (2.35-0ubuntu3.13) ...\r\n(Reading database ... \r(Reading database ... 5%\r(Reading database ... 10%\r(Reading database ... 15%\r(Reading database ... 20%\r(Reading database ... 25%\r(Reading database ... 30%\r(Reading database ... 35%\r(Reading database ... 40%\r(Reading database ... 45%\r(Reading database ... 50%\r(Reading database ... 55%\r(Reading database ... 60%\r(Reading database ... 65%\r(Reading database ... 70%\r(Reading database ... 75%\r(Reading database ... 80%\r(Reading database ... 85%\r(Reading database ... 90%\r(Reading database ... 95%\r(Reading database ... 100%\r(Reading database ... 43783 files and directories currently installed.)\r\nPreparing to unpack .../libpython3.10_3.10.12-1~22.04.14_amd64.deb ...\r\nUnpacking libpython3.10:amd64 (3.10.12-1~22.04.14) over (3.10.12-1~22.04.13) ...\r\nPreparing to unpack .../libssl3_3.0.2-0ubuntu1.21_amd64.deb ...\r\nUnpacking libssl3:amd64 (3.0.2-0ubuntu1.21) over (3.0.2-0ubuntu1.20) ...\r\nSetting up libssl3:amd64 (3.0.2-0ubuntu1.21) ...\r\n(Reading database ... \r(Reading database ... 5%\r(Reading database ... 10%\r(Reading database ... 15%\r(Reading database ... 20%\r(Reading database ... 25%\r(Reading database ... 30%\r(Reading database ... 35%\r(Reading database ... 40%\r(Reading database ... 45%\r(Reading database ... 50%\r(Reading database ... 55%\r(Reading database ... 60%\r(Reading database ... 65%\r(Reading database ... 70%\r(Reading database ... 75%\r(Reading database ... 80%\r(Reading database ... 85%\r(Reading database ... 90%\r(Reading database ... 95%\r(Reading database ... 100%\r(Reading database ... 43783 files and directories currently installed.)\r\nPreparing to unpack .../00-python3.10_3.10.12-1~22.04.14_amd64.deb ...\r\nUnpacking python3.10 (3.10.12-1~22.04.14) over (3.10.12-1~22.04.13) ...\r\nPreparing to unpack .../01-libpython3.10-stdlib_3.10.12-1~22.04.14_amd64.deb ...\r\nUnpacking libpython3.10-stdlib:amd64 (3.10.12-1~22.04.14) over (3.10.12-1~22.04.13) ...\r\nPreparing to unpack .../02-python3.10-minimal_3.10.12-1~22.04.14_amd64.deb ...\r\nUnpacking python3.10-minimal (3.10.12-1~22.04.14) over (3.10.12-1~22.04.13) ...\r\nPreparing to unpack .../03-libpython3.10-minimal_3.10.12-1~22.04.14_amd64.deb ...\r\nUnpacking libpython3.10-minimal:amd64 (3.10.12-1~22.04.14) over (3.10.12-1~22.04.13) ...\r\nPreparing to unpack .../04-libglib2.0-data_2.72.4-0ubuntu2.9_all.deb ...\r\nUnpacking libglib2.0-data (2.72.4-0ubuntu2.9) over (2.72.4-0ubuntu2.8) ...\r\nPreparing to unpack .../05-libglib2.0-bin_2.72.4-0ubuntu2.9_amd64.deb ...\r\nUnpacking libglib2.0-bin (2.72.4-0ubuntu2.9) over (2.72.4-0ubuntu2.8) ...\r\nPreparing to unpack .../06-libglib2.0-0_2.72.4-0ubuntu2.9_amd64.deb ...\r\nUnpacking libglib2.0-0:amd64 (2.72.4-0ubuntu2.9) over (2.72.4-0ubuntu2.8) ...\r\nPreparing to unpack .../07-locales_2.35-0ubuntu3.13_all.deb ...\r\nUnpacking locales (2.35-0ubuntu3.13) over (2.35-0ubuntu3.12) ...\r\nPreparing to unpack .../08-openssl_3.0.2-0ubuntu1.21_amd64.deb ...\r\nUnpacking openssl (3.0.2-0ubuntu1.21) over (3.0.2-0ubuntu1.20) ...\r\nPreparing to unpack .../09-linux-firmware_20220329.git681281e4-0ubuntu3.41_all.deb ...\r\nUnpacking linux-firmware (20220329.git681281e4-0ubuntu3.41) over (20220329.git681281e4-0ubuntu3.40) ...\r\nSelecting previously unselected package linux-modules-5.15.0-168-generic.\r\nPreparing to unpack .../10-linux-modules-5.15.0-168-generic_5.15.0-168.178_amd64.deb ...\r\nUnpacking linux-modules-5.15.0-168-generic (5.15.0-168.178) ...\r\nSelecting previously unselected package linux-image-5.15.0-168-generic.\r\nPreparing to unpack .../11-linux-image-5.15.0-168-generic_5.15.0-168.178_amd64.deb ...\r\nUnpacking linux-image-5.15.0-168-generic (5.15.0-168.178) ...\r\nSelecting previously unselected package linux-modules-extra-5.15.0-168-generic.\r\nPreparing to unpack .../12-linux-modules-extra-5.15.0-168-generic_5.15.0-168.178_amd64.deb ...\r\nUnpacking linux-modules-extra-5.15.0-168-generic (5.15.0-168.178) ...\r\nPreparing to unpack .../13-linux-image-generic_5.15.0.168.159_amd64.deb ...\r\nUnpacking linux-image-generic (5.15.0.168.159) over (5.15.0.164.159) ...\r\nPreparing to unpack .../14-screen_4.9.0-1ubuntu0.1_amd64.deb ...\r\nUnpacking screen (4.9.0-1ubuntu0.1) over (4.9.0-1) ...\r\nSetting up linux-firmware (20220329.git681281e4-0ubuntu3.41) ...\r\nupdate-initramfs: Generating /boot/initrd.img-5.15.0-164-generic\r\nI: The initramfs will attempt to resume from /dev/md0\r\nI: (UUID=66ea7d4c-37d1-415a-ba94-17056cfd6ab9)\r\nI: Set the RESUME variable to override this.\r\nSetting up libglib2.0-0:amd64 (2.72.4-0ubuntu2.9) ...\r\nNo schema files found: doing nothing.\r\nSetting up screen (4.9.0-1ubuntu0.1) ...\r\nSetting up locales (2.35-0ubuntu3.13) ...\r\nGenerating locales (this might take a while)...\r\n  en_US.UTF-8... done\r\nGeneration complete.\r\nSetting up libglib2.0-data (2.72.4-0ubuntu2.9) ...\r\nSetting up libpython3.10-minimal:amd64 (3.10.12-1~22.04.14) ...\r\nSetting up openssl (3.0.2-0ubuntu1.21) ...\r\nSetting up libglib2.0-bin (2.72.4-0ubuntu2.9) ...\r\nSetting up python3.10-minimal (3.10.12-1~22.04.14) ...\r\nSetting up libpython3.10-stdlib:amd64 (3.10.12-1~22.04.14) ...\r\nSetting up libpython3.10:amd64 (3.10.12-1~22.04.14) ...\r\nSetting up python3.10 (3.10.12-1~22.04.14) ...\r\nSetting up linux-image-5.15.0-168-generic (5.15.0-168.178) ...\r\nI: /boot/vmlinuz is now a symlink to vmlinuz-5.15.0-168-generic\r\nI: /boot/initrd.img is now a symlink to initrd.img-5.15.0-168-generic\r\nSetting up linux-modules-extra-5.15.0-168-generic (5.15.0-168.178) ...\r\nSetting up linux-image-generic (5.15.0.168.159) ...\r\nSetting up linux-modules-5.15.0-168-generic (5.15.0-168.178) ...\r\nProcessing triggers for install-info (6.8-4build1) ...\r\nProcessing triggers for libc-bin (2.35-0ubuntu3.13) ...\r\nProcessing triggers for man-db (2.10.2-1) ...\r\nProcessing triggers for linux-image-5.15.0-168-generic (5.15.0-168.178) ...\r\n/etc/kernel/postinst.d/initramfs-tools:\r\nupdate-initramfs: Generating /boot/initrd.img-5.15.0-168-generic\r\nI: The initramfs will attempt to resume from /dev/md0\r\nI: (UUID=66ea7d4c-37d1-415a-ba94-17056cfd6ab9)\r\nI: Set the RESUME variable to override this.\r\n/etc/kernel/postinst.d/zz-update-grub:\r\nSourcing file `/etc/default/grub'\r\nSourcing file `/etc/default/grub.d/hetzner.cfg'\r\nSourcing file `/etc/default/grub.d/init-select.cfg'\r\nGenerating grub configuration file ...\r\nFound linux image: /boot/vmlinuz-5.15.0-168-generic\r\nFound initrd image: /boot/initrd.img-5.15.0-168-generic\r\nFound linux image: /boot/vmlinuz-5.15.0-164-generic\r\nFound initrd image: /boot/initrd.img-5.15.0-164-generic\r\nWarning: os-prober will not be executed to detect other bootable partitions.\r\nSystems on them will not be added to the GRUB boot configuration.\r\nCheck GRUB_DISABLE_OS_PROBER documentation entry.\r\ndone\r\n", "stdout_lines": ["Reading package lists...", "Building dependency tree...", "Reading state information...", "Calculating upgrade...", "The following NEW packages will be installed:", "  linux-image-5.15.0-168-generic linux-modules-5.15.0-168-generic", "  linux-modules-extra-5.15.0-168-generic", "The following packages have been kept back:", "  libldap-2.5-0 libldap-common", "The following packages will be upgraded:", "  libc-bin libc6 libglib2.0-0 libglib2.0-bin libglib2.0-data libpython3.10", "  libpython3.10-minimal libpython3.10-stdlib libssl3 linux-firmware", "  linux-image-generic locales openssl python3.10 python3.10-minimal screen", "16 upgraded, 3 newly installed, 0 to remove and 2 not upgraded.", "Need to get 435 MB of archives.", "After this operation, 483 MB of additional disk space will be used.", "Get:1 http://archive.ubuntu.com/ubuntu jammy-updates/main amd64 libpython3.10 amd64 3.10.12-1~22.04.14 [1949 kB]", "Get:2 http://mirror.hetzner.com/ubuntu/packages jammy-updates/main amd64 libc6 amd64 2.35-0ubuntu3.13 [3235 kB]", "Get:3 http://archive.ubuntu.com/ubuntu jammy-updates/main amd64 python3.10 amd64 3.10.12-1~22.04.14 [509 kB]", "Get:4 http://archive.ubuntu.com/ubuntu jammy-updates/main amd64 libpython3.10-stdlib amd64 3.10.12-1~22.04.14 [1850 kB]", "Get:5 http://archive.ubuntu.com/ubuntu jammy-updates/main amd64 python3.10-minimal amd64 3.10.12-1~22.04.14 [2275 kB]", "Get:6 http://archive.ubuntu.com/ubuntu jammy-updates/main amd64 libpython3.10-minimal amd64 3.10.12-1~22.04.14 [816 kB]", "Get:7 http://archive.ubuntu.com/ubuntu jammy-updates/main amd64 libglib2.0-data all 2.72.4-0ubuntu2.9 [5088 B]", "Get:8 http://archive.ubuntu.com/ubuntu jammy-updates/main amd64 libglib2.0-bin amd64 2.72.4-0ubuntu2.9 [80.9 kB]", "Get:9 http://archive.ubuntu.com/ubuntu jammy-updates/main amd64 libglib2.0-0 amd64 2.72.4-0ubuntu2.9 [1467 kB]", "Get:10 http://mirror.hetzner.com/ubuntu/packages jammy-updates/main amd64 libc-bin amd64 2.35-0ubuntu3.13 [706 kB]", "Get:11 http://mirror.hetzner.com/ubuntu/packages jammy-updates/main amd64 libssl3 amd64 3.0.2-0ubuntu1.21 [1905 kB]", "Get:12 http://mirror.hetzner.com/ubuntu/packages jammy-updates/main amd64 locales all 2.35-0ubuntu3.13 [4248 kB]", "Get:13 http://mirror.hetzner.com/ubuntu/packages jammy-updates/main amd64 openssl amd64 3.0.2-0ubuntu1.21 [1184 kB]", "Get:14 http://mirror.hetzner.com/ubuntu/packages jammy-updates/main amd64 linux-firmware all 20220329.git681281e4-0ubuntu3.41 [316 MB]", "Get:15 http://mirror.hetzner.com/ubuntu/packages jammy-updates/main amd64 linux-modules-5.15.0-168-generic amd64 5.15.0-168.178 [22.7 MB]", "Get:16 http://mirror.hetzner.com/ubuntu/packages jammy-updates/main amd64 linux-image-5.15.0-168-generic amd64 5.15.0-168.178 [11.6 MB]", "Get:17 http://mirror.hetzner.com/ubuntu/packages jammy-updates/main amd64 linux-modules-extra-5.15.0-168-generic amd64 5.15.0-168.178 [63.9 MB]", "Get:18 http://mirror.hetzner.com/ubuntu/packages jammy-updates/main amd64 linux-image-generic amd64 5.15.0.168.159 [2488 B]", "Get:19 http://mirror.hetzner.com/ubuntu/packages jammy-updates/main amd64 screen amd64 4.9.0-1ubuntu0.1 [672 kB]", "Preconfiguring packages ...", "Fetched 435 MB in 5s (89.4 MB/s)", "(Reading database ... ", "(Reading database ... 5%", "(Reading database ... 10%", "(Reading database ... 15%", "(Reading database ... 20%", "(Reading database ... 25%", "(Reading database ... 30%", "(Reading database ... 35%", "(Reading database ... 40%", "(Reading database ... 45%", "(Reading database ... 50%", "(Reading database ... 55%", "(Reading database ... 60%", "(Reading database ... 65%", "(Reading database ... 70%", "(Reading database ... 75%", "(Reading database ... 80%", "(Reading database ... 85%", "(Reading database ... 90%", "(Reading database ... 95%", "(Reading database ... 100%", "(Reading database ... 43783 files and directories currently installed.)", "Preparing to unpack .../libc6_2.35-0ubuntu3.13_amd64.deb ...", "Unpacking libc6:amd64 (2.35-0ubuntu3.13) over (2.35-0ubuntu3.12) ...", "Setting up libc6:amd64 (2.35-0ubuntu3.13) ...", "(Reading database ... ", "(Reading database ... 5%", "(Reading database ... 10%", "(Reading database ... 15%", "(Reading database ... 20%", "(Reading database ... 25%", "(Reading database ... 30%", "(Reading database ... 35%", "(Reading database ... 40%", "(Reading database ... 45%", "(Reading database ... 50%", "(Reading database ... 55%", "(Reading database ... 60%", "(Reading database ... 65%", "(Reading database ... 70%", "(Reading database ... 75%", "(Reading database ... 80%", "(Reading database ... 85%", "(Reading database ... 90%", "(Reading database ... 95%", "(Reading database ... 100%", "(Reading database ... 43783 files and directories currently installed.)", "Preparing to unpack .../libc-bin_2.35-0ubuntu3.13_amd64.deb ...", "Unpacking libc-bin (2.35-0ubuntu3.13) over (2.35-0ubuntu3.12) ...", "Setting up libc-bin (2.35-0ubuntu3.13) ...", "(Reading database ... ", "(Reading database ... 5%", "(Reading database ... 10%", "(Reading database ... 15%", "(Reading database ... 20%", "(Reading database ... 25%", "(Reading database ... 30%", "(Reading database ... 35%", "(Reading database ... 40%", "(Reading database ... 45%", "(Reading database ... 50%", "(Reading database ... 55%", "(Reading database ... 60%", "(Reading database ... 65%", "(Reading database ... 70%", "(Reading database ... 75%", "(Reading database ... 80%", "(Reading database ... 85%", "(Reading database ... 90%", "(Reading database ... 95%", "(Reading database ... 100%", "(Reading database ... 43783 files and directories currently installed.)", "Preparing to unpack .../libpython3.10_3.10.12-1~22.04.14_amd64.deb ...", "Unpacking libpython3.10:amd64 (3.10.12-1~22.04.14) over (3.10.12-1~22.04.13) ...", "Preparing to unpack .../libssl3_3.0.2-0ubuntu1.21_amd64.deb ...", "Unpacking libssl3:amd64 (3.0.2-0ubuntu1.21) over (3.0.2-0ubuntu1.20) ...", "Setting up libssl3:amd64 (3.0.2-0ubuntu1.21) ...", "(Reading database ... ", "(Reading database ... 5%", "(Reading database ... 10%", "(Reading database ... 15%", "(Reading database ... 20%", "(Reading database ... 25%", "(Reading database ... 30%", "(Reading database ... 35%", "(Reading database ... 40%", "(Reading database ... 45%", "(Reading database ... 50%", "(Reading database ... 55%", "(Reading database ... 60%", "(Reading database ... 65%", "(Reading database ... 70%", "(Reading database ... 75%", "(Reading database ... 80%", "(Reading database ... 85%", "(Reading database ... 90%", "(Reading database ... 95%", "(Reading database ... 100%", "(Reading database ... 43783 files and directories currently installed.)", "Preparing to unpack .../00-python3.10_3.10.12-1~22.04.14_amd64.deb ...", "Unpacking python3.10 (3.10.12-1~22.04.14) over (3.10.12-1~22.04.13) ...", "Preparing to unpack .../01-libpython3.10-stdlib_3.10.12-1~22.04.14_amd64.deb ...", "Unpacking libpython3.10-stdlib:amd64 (3.10.12-1~22.04.14) over (3.10.12-1~22.04.13) ...", "Preparing to unpack .../02-python3.10-minimal_3.10.12-1~22.04.14_amd64.deb ...", "Unpacking python3.10-minimal (3.10.12-1~22.04.14) over (3.10.12-1~22.04.13) ...", "Preparing to unpack .../03-libpython3.10-minimal_3.10.12-1~22.04.14_amd64.deb ...", "Unpacking libpython3.10-minimal:amd64 (3.10.12-1~22.04.14) over (3.10.12-1~22.04.13) ...", "Preparing to unpack .../04-libglib2.0-data_2.72.4-0ubuntu2.9_all.deb ...", "Unpacking libglib2.0-data (2.72.4-0ubuntu2.9) over (2.72.4-0ubuntu2.8) ...", "Preparing to unpack .../05-libglib2.0-bin_2.72.4-0ubuntu2.9_amd64.deb ...", "Unpacking libglib2.0-bin (2.72.4-0ubuntu2.9) over (2.72.4-0ubuntu2.8) ...", "Preparing to unpack .../06-libglib2.0-0_2.72.4-0ubuntu2.9_amd64.deb ...", "Unpacking libglib2.0-0:amd64 (2.72.4-0ubuntu2.9) over (2.72.4-0ubuntu2.8) ...", "Preparing to unpack .../07-locales_2.35-0ubuntu3.13_all.deb ...", "Unpacking locales (2.35-0ubuntu3.13) over (2.35-0ubuntu3.12) ...", "Preparing to unpack .../08-openssl_3.0.2-0ubuntu1.21_amd64.deb ...", "Unpacking openssl (3.0.2-0ubuntu1.21) over (3.0.2-0ubuntu1.20) ...", "Preparing to unpack .../09-linux-firmware_20220329.git681281e4-0ubuntu3.41_all.deb ...", "Unpacking linux-firmware (20220329.git681281e4-0ubuntu3.41) over (20220329.git681281e4-0ubuntu3.40) ...", "Selecting previously unselected package linux-modules-5.15.0-168-generic.", "Preparing to unpack .../10-linux-modules-5.15.0-168-generic_5.15.0-168.178_amd64.deb ...", "Unpacking linux-modules-5.15.0-168-generic (5.15.0-168.178) ...", "Selecting previously unselected package linux-image-5.15.0-168-generic.", "Preparing to unpack .../11-linux-image-5.15.0-168-generic_5.15.0-168.178_amd64.deb ...", "Unpacking linux-image-5.15.0-168-generic (5.15.0-168.178) ...", "Selecting previously unselected package linux-modules-extra-5.15.0-168-generic.", "Preparing to unpack .../12-linux-modules-extra-5.15.0-168-generic_5.15.0-168.178_amd64.deb ...", "Unpacking linux-modules-extra-5.15.0-168-generic (5.15.0-168.178) ...", "Preparing to unpack .../13-linux-image-generic_5.15.0.168.159_amd64.deb ...", "Unpacking linux-image-generic (5.15.0.168.159) over (5.15.0.164.159) ...", "Preparing to unpack .../14-screen_4.9.0-1ubuntu0.1_amd64.deb ...", "Unpacking screen (4.9.0-1ubuntu0.1) over (4.9.0-1) ...", "Setting up linux-firmware (20220329.git681281e4-0ubuntu3.41) ...", "update-initramfs: Generating /boot/initrd.img-5.15.0-164-generic", "I: The initramfs will
2026-02-06T16:53:24.543503Z 01O+ attempt to resume from /dev/md0", "I: (UUID=66ea7d4c-37d1-415a-ba94-17056cfd6ab9)", "I: Set the RESUME variable to override this.", "Setting up libglib2.0-0:amd64 (2.72.4-0ubuntu2.9) ...", "No schema files found: doing nothing.", "Setting up screen (4.9.0-1ubuntu0.1) ...", "Setting up locales (2.35-0ubuntu3.13) ...", "Generating locales (this might take a while)...", "  en_US.UTF-8... done", "Generation complete.", "Setting up libglib2.0-data (2.72.4-0ubuntu2.9) ...", "Setting up libpython3.10-minimal:amd64 (3.10.12-1~22.04.14) ...", "Setting up openssl (3.0.2-0ubuntu1.21) ...", "Setting up libglib2.0-bin (2.72.4-0ubuntu2.9) ...", "Setting up python3.10-minimal (3.10.12-1~22.04.14) ...", "Setting up libpython3.10-stdlib:amd64 (3.10.12-1~22.04.14) ...", "Setting up libpython3.10:amd64 (3.10.12-1~22.04.14) ...", "Setting up python3.10 (3.10.12-1~22.04.14) ...", "Setting up linux-image-5.15.0-168-generic (5.15.0-168.178) ...", "I: /boot/vmlinuz is now a symlink to vmlinuz-5.15.0-168-generic", "I: /boot/initrd.img is now a symlink to initrd.img-5.15.0-168-generic", "Setting up linux-modules-extra-5.15.0-168-generic (5.15.0-168.178) ...", "Setting up linux-image-generic (5.15.0.168.159) ...", "Setting up linux-modules-5.15.0-168-generic (5.15.0-168.178) ...", "Processing triggers for install-info (6.8-4build1) ...", "Processing triggers for libc-bin (2.35-0ubuntu3.13) ...", "Processing triggers for man-db (2.10.2-1) ...", "Processing triggers for linux-image-5.15.0-168-generic (5.15.0-168.178) ...", "/etc/kernel/postinst.d/initramfs-tools:", "update-initramfs: Generating /boot/initrd.img-5.15.0-168-generic", "I: The initramfs will attempt to resume from /dev/md0", "I: (UUID=66ea7d4c-37d1-415a-ba94-17056cfd6ab9)", "I: Set the RESUME variable to override this.", "/etc/kernel/postinst.d/zz-update-grub:", "Sourcing file `/etc/default/grub'", "Sourcing file `/etc/default/grub.d/hetzner.cfg'", "Sourcing file `/etc/default/grub.d/init-select.cfg'", "Generating grub configuration file ...", "Found linux image: /boot/vmlinuz-5.15.0-168-generic", "Found initrd image: /boot/initrd.img-5.15.0-168-generic", "Found linux image: /boot/vmlinuz-5.15.0-164-generic", "Found initrd image: /boot/initrd.img-5.15.0-164-generic", "Warning: os-prober will not be executed to detect other bootable partitions.", "Systems on them will not be added to the GRUB boot configuration.", "Check GRUB_DISABLE_OS_PROBER documentation entry.", "done"]}
2026-02-06T16:53:24.547791Z 01O 
2026-02-06T16:53:24.547794Z 01O TASK [atmosphere : Install required packages] **********************************
2026-02-06T16:53:24.547795Z 01O task path: /home/gitlab-runner/builds/6b6O2to6P/0/root/ci-proxmox/ansible/roles/atmosphere/tasks/main.yml:7
2026-02-06T16:53:43.796401Z 01O changed: [openstack] => {"cache_update_time": 1770396742, "cache_updated": false, "changed": true, "stderr": "", "stderr_lines": [], "stdout": "Reading package lists...\nBuilding dependency tree...\nReading state information...\nThe following additional packages will be installed:\n  binutils binutils-common binutils-x86-64-linux-gnu bzip2 cpp cpp-11 dpkg-dev\n  fakeroot fontconfig-config fonts-dejavu-core g++ g++-11 gcc gcc-11\n  gcc-11-base javascript-common libalgorithm-diff-perl\n  libalgorithm-diff-xs-perl libalgorithm-merge-perl libasan6 libatomic1\n  libbinutils libc-dev-bin libc-devtools libc6-dev libcc1-0 libcrypt-dev\n  libctf-nobfd0 libctf0 libdeflate0 libdpkg-perl libexpat1-dev libfakeroot\n  libfile-fcntllock-perl libfontconfig1 libgcc-11-dev libgd3 libgomp1 libisl23\n  libitm1 libjbig0 libjpeg-turbo8 libjpeg8 libjs-jquery libjs-sphinxdoc\n  libjs-underscore liblsan0 libmpc3 libnsl-dev libpython3-dev\n  libpython3.10-dev libquadmath0 libstdc++-11-dev libtiff5 libtirpc-dev\n  libtsan0 libubsan1 libwebp7 libx11-6 libx11-data libxau6 libxcb1 libxdmcp6\n  libxpm4 linux-libc-dev lto-disabled-list make manpages-dev python3-dev\n  python3-pip-whl python3-setuptools-whl python3-wheel python3.10-dev\n  python3.10-venv rpcsvc-proto zlib1g-dev\nSuggested packages:\n  binutils-doc bzip2-doc cpp-doc gcc-11-locales debian-keyring g++-multilib\n  g++-11-multilib gcc-11-doc gcc-multilib autoconf automake libtool flex bison\n  gdb gcc-doc gcc-11-multilib apache2 | lighttpd | httpd glibc-doc bzr\n  libgd-tools libssl-doc libstdc++-11-doc make-doc\nThe following NEW packages will be installed:\n  binutils binutils-common binutils-x86-64-linux-gnu build-essential bzip2 cpp\n  cpp-11 dpkg-dev fakeroot fontconfig-config fonts-dejavu-core g++ g++-11 gcc\n  gcc-11 gcc-11-base javascript-common libalgorithm-diff-perl\n  libalgorithm-diff-xs-perl libalgorithm-merge-perl libasan6 libatomic1\n  libbinutils libc-dev-bin libc-devtools libc6-dev libcc1-0 libcrypt-dev\n  libctf-nobfd0 libctf0 libdeflate0 libdpkg-perl libexpat1-dev libfakeroot\n  libffi-dev libfile-fcntllock-perl libfontconfig1 libgcc-11-dev libgd3\n  libgomp1 libisl23 libitm1 libjbig0 libjpeg-turbo8 libjpeg8 libjs-jquery\n  libjs-sphinxdoc libjs-underscore liblsan0 libmpc3 libnsl-dev libpython3-dev\n  libpython3.10-dev libquadmath0 libssl-dev libstdc++-11-dev libtiff5\n  libtirpc-dev libtsan0 libubsan1 libwebp7 libx11-6 libx11-data libxau6\n  libxcb1 libxdmcp6 libxpm4 linux-libc-dev lto-disabled-list make manpages-dev\n  python3-dev python3-pip python3-pip-whl python3-setuptools-whl python3-venv\n  python3-wheel python3.10-dev python3.10-venv rpcsvc-proto zlib1g-dev\n0 upgraded, 81 newly installed, 0 to remove and 2 not upgraded.\nNeed to get 80.5 MB of archives.\nAfter this operation, 273 MB of additional disk space will be used.\nGet:1 http://archive.ubuntu.com/ubuntu jammy-updates/main amd64 libpython3.10-dev amd64 3.10.12-1~22.04.14 [4765 kB]\nGet:2 http://mirror.hetzner.com/ubuntu/packages jammy/main amd64 libxau6 amd64 1:1.0.9-1build5 [7634 B]\nGet:3 http://mirror.hetzner.com/ubuntu/packages jammy/main amd64 libxdmcp6 amd64 1:1.1.3-0ubuntu5 [10.9 kB]\nGet:4 http://mirror.hetzner.com/ubuntu/packages jammy/main amd64 libxcb1 amd64 1.14-3ubuntu3 [49.0 kB]\nGet:5 http://archive.ubuntu.com/ubuntu jammy-updates/main amd64 python3.10-dev amd64 3.10.12-1~22.04.14 [508 kB]\nGet:6 http://archive.ubuntu.com/ubuntu jammy-updates/universe amd64 python3.10-venv amd64 3.10.12-1~22.04.14 [5724 B]\nGet:7 http://mirror.hetzner.com/ubuntu/packages jammy-updates/main amd64 libx11-data all 2:1.7.5-1ubuntu0.3 [120 kB]\nGet:8 http://mirror.hetzner.com/ubuntu/packages jammy-updates/main amd64 libx11-6 amd64 2:1.7.5-1ubuntu0.3 [667 kB]\nGet:9 http://mirror.hetzner.com/ubuntu/packages jammy-updates/main amd64 binutils-common amd64 2.38-4ubuntu2.12 [223 kB]\nGet:10 http://mirror.hetzner.com/ubuntu/packages jammy-updates/main amd64 libbinutils amd64 2.38-4ubuntu2.12 [663 kB]\nGet:11 http://mirror.hetzner.com/ubuntu/packages jammy-updates/main amd64 libctf-nobfd0 amd64 2.38-4ubuntu2.12 [108 kB]\nGet:12 http://mirror.hetzner.com/ubuntu/packages jammy-updates/main amd64 libctf0 amd64 2.38-4ubuntu2.12 [103 kB]\nGet:13 http://mirror.hetzner.com/ubuntu/packages jammy-updates/main amd64 binutils-x86-64-linux-gnu amd64 2.38-4ubuntu2.12 [2324 kB]\nGet:14 http://mirror.hetzner.com/ubuntu/packages jammy-updates/main amd64 binutils amd64 2.38-4ubuntu2.12 [3184 B]\nGet:15 http://mirror.hetzner.com/ubuntu/packages jammy-updates/main amd64 libc-dev-bin amd64 2.35-0ubuntu3.13 [20.3 kB]\nGet:16 http://mirror.hetzner.com/ubuntu/packages jammy-updates/main amd64 linux-libc-dev amd64 5.15.0-168.178 [1310 kB]\nGet:17 http://mirror.hetzner.com/ubuntu/packages jammy/main amd64 libcrypt-dev amd64 1:4.4.27-1 [112 kB]\nGet:18 http://mirror.hetzner.com/ubuntu/packages jammy/main amd64 rpcsvc-proto amd64 1.4.2-0ubuntu6 [68.5 kB]\nGet:19 http://mirror.hetzner.com/ubuntu/packages jammy-updates/main amd64 libtirpc-dev amd64 1.3.2-2ubuntu0.1 [192 kB]\nGet:20 http://mirror.hetzner.com/ubuntu/packages jammy/main amd64 libnsl-dev amd64 1.3.0-2build2 [71.3 kB]\nGet:21 http://mirror.hetzner.com/ubuntu/packages jammy-updates/main amd64 libc6-dev amd64 2.35-0ubuntu3.13 [2101 kB]\nGet:22 http://mirror.hetzner.com/ubuntu/packages jammy-updates/main amd64 gcc-11-base amd64 11.4.0-1ubuntu1~22.04.2 [20.8 kB]\nGet:23 http://mirror.hetzner.com/ubuntu/packages jammy/main amd64 libisl23 amd64 0.24-2build1 [727 kB]\nGet:24 http://mirror.hetzner.com/ubuntu/packages jammy/main amd64 libmpc3 amd64 1.2.1-2build1 [46.9 kB]\nGet:25 http://mirror.hetzner.com/ubuntu/packages jammy-updates/main amd64 cpp-11 amd64 11.4.0-1ubuntu1~22.04.2 [10.0 MB]\nGet:26 http://mirror.hetzner.com/ubuntu/packages jammy/main amd64 cpp amd64 4:11.2.0-1ubuntu1 [27.7 kB]\nGet:27 http://mirror.hetzner.com/ubuntu/packages jammy-updates/main amd64 libcc1-0 amd64 12.3.0-1ubuntu1~22.04.2 [48.3 kB]\nGet:28 http://mirror.hetzner.com/ubuntu/packages jammy-updates/main amd64 libgomp1 amd64 12.3.0-1ubuntu1~22.04.2 [127 kB]\nGet:29 http://mirror.hetzner.com/ubuntu/packages jammy-updates/main amd64 libitm1 amd64 12.3.0-1ubuntu1~22.04.2 [30.2 kB]\nGet:30 http://mirror.hetzner.com/ubuntu/packages jammy-updates/main amd64 libatomic1 amd64 12.3.0-1ubuntu1~22.04.2 [10.4 kB]\nGet:31 http://mirror.hetzner.com/ubuntu/packages jammy-updates/main amd64 libasan6 amd64 11.4.0-1ubuntu1~22.04.2 [2283 kB]\nGet:32 http://mirror.hetzner.com/ubuntu/packages jammy-updates/main amd64 liblsan0 amd64 12.3.0-1ubuntu1~22.04.2 [1069 kB]\nGet:33 http://mirror.hetzner.com/ubuntu/packages jammy-updates/main amd64 libtsan0 amd64 11.4.0-1ubuntu1~22.04.2 [2262 kB]\nGet:34 http://mirror.hetzner.com/ubuntu/packages jammy-updates/main amd64 libubsan1 amd64 12.3.0-1ubuntu1~22.04.2 [976 kB]\nGet:35 http://mirror.hetzner.com/ubuntu/packages jammy-updates/main amd64 libquadmath0 amd64 12.3.0-1ubuntu1~22.04.2 [154 kB]\nGet:36 http://mirror.hetzner.com/ubuntu/packages jammy-updates/main amd64 libgcc-11-dev amd64 11.4.0-1ubuntu1~22.04.2 [2517 kB]\nGet:37 http://mirror.hetzner.com/ubuntu/packages jammy-updates/main amd64 gcc-11 amd64 11.4.0-1ubuntu1~22.04.2 [20.1 MB]\nGet:38 http://mirror.hetzner.com/ubuntu/packages jammy/main amd64 gcc amd64 4:11.2.0-1ubuntu1 [5112 B]\nGet:39 http://mirror.hetzner.com/ubuntu/packages jammy-updates/main amd64 libstdc++-11-dev amd64 11.4.0-1ubuntu1~22.04.2 [2101 kB]\nGet:40 http://mirror.hetzner.com/ubuntu/packages jammy-updates/main amd64 g++-11 amd64 11.4.0-1ubuntu1~22.04.2 [11.4 MB]\nGet:41 http://mirror.hetzner.com/ubuntu/packages jammy/main amd64 g++ amd64 4:11.2.0-1ubuntu1 [1412 B]\nGet:42 http://mirror.hetzner.com/ubuntu/packages jammy/main amd64 make amd64 4.3-4.1build1 [180 kB]\nGet:43 http://mirror.hetzner.com/ubuntu/packages jammy-updates/main amd64 libdpkg-perl all 1.21.1ubuntu2.6 [237 kB]\nGet:44 http://mirror.hetzner.com/ubuntu/packages jammy/main amd64 bzip2 amd64 1.0.8-5build1 [34.8 kB]\nGet:45 http://mirror.hetzner.com/ubuntu/packages jammy/main amd64 lto-disabled-list all 24 [12.5 kB]\nGet:46 http://mirror.hetzner.com/ubuntu/packages jammy-updates/main amd64 dpkg-dev all 1.21.1ubuntu2.6 [922 kB]\nGet:47 http://mirror.hetzner.com/ubuntu/packages jammy/main amd64 build-essential amd64 12.9ubuntu3 [4744 B]\nGet:48 http://mirror.hetzner.com/ubuntu/packages jammy/main amd64 libfakeroot amd64 1.28-1ubuntu1 [31.5 kB]\nGet:49 http://mirror.hetzner.com/ubuntu/packages jammy/main amd64 fakeroot amd64 1.28-1ubuntu1 [60.4 kB]\nGet:50 http://mirror.hetzner.com/ubuntu/packages jammy/main amd64 fonts-dejavu-core all 2.37-2build1 [1041 kB]\nGet:51 http://mirror.hetzner.com/ubuntu/packages jammy/main amd64 fontconfig-config all 2.13.1-4.2ubuntu5 [29.1 kB]\nGet:52 http://mirror.hetzner.com/ubuntu/packages jammy/main amd64 javascript-common all 11+nmu1 [5936 B]\nGet:53 http://mirror.hetzner.com/ubuntu/packages jammy/main amd64 libalgorithm-diff-perl all 1.201-1 [41.8 kB]\nGet:54 http://mirror.hetzner.com/ubuntu/packages jammy/main amd64 libalgorithm-diff-xs-perl amd64 0.04-6build3 [11.9 kB]\nGet:55 http://mirror.hetzner.com/ubuntu/packages jammy/main amd64 libalgorithm-merge-perl all 0.08-3 [12.0 kB]\nGet:56 http://mirror.hetzner.com/ubuntu/packages jammy/main amd64 libfontconfig1 amd64 2.13.1-4.2ubuntu5 [131 kB]\nGet:57 http://mirror.hetzner.com/ubuntu/packages jammy/main amd64 libjpeg-turbo8 amd64 2.1.2-0ubuntu1 [134 kB]\nGet:58 http://mirror.hetzner.com/ubuntu/packages jammy/main amd64 libjpeg8 amd64 8c-2ubuntu10 [2264 B]\nGet:59 http://mirror.hetzner.com/ubuntu/packages jammy/main amd64 libdeflate0 amd64 1.10-2 [70.9 kB]\nGet:60 http://mirror.hetzner.com/ubuntu/packages jammy-updates/main amd64 libjbig0 amd64 2.1-3.1ubuntu0.22.04.1 [29.2 kB]\nGet:61 http://mirror.hetzner.com/ubuntu/packages jammy-updates/main amd64 libwebp7 amd64 1.2.2-2ubuntu0.22.04.2 [206 kB]\nGet:62 http://mirror.hetzner.com/ubuntu/packages jammy-updates/main amd64 libtiff5 amd64 4.3.0-6ubuntu0.12 [185 kB]\nGet:63 http://mirror.hetzner.com/ubuntu/packages jammy-updates/main amd64 libxpm4 amd64 1:3.5.12-1ubuntu0.22.04.2 [36.7 kB]\nGet:64 http://mirror.hetzner.com/ubuntu/packages jammy-updates/main amd64 libgd3 amd64 2.3.0-2ubuntu2.3 [129 kB]\nGet:65 http://mirror.hetzner.com/ubuntu/packages jammy-updates/main amd64 libc-devtools amd64 2.35-0ubuntu3.13 [29.0 kB]\nGet:66 http://mirror.hetzner.com/ubuntu/packages jammy-updates/main amd64 libexpat1-dev amd64 2.4.7-1ubuntu0.6 [148 kB]\nGet:67 http://mirror.hetzner.com/ubuntu/packages jammy/main amd64 libfile-fcntllock-perl amd64 0.22-3build7 [33.9 kB]\nGet:68 http://mirror.hetzner.com/ubuntu/packages jammy/main amd64 libjs-jquery all 3.6.0+dfsg+~3.5.13-1 [321 kB]\nGet:69 http://mirror.hetzner.com/ubuntu/packages jammy/main amd64 libjs-underscore all 1.13.2~dfsg-2 [118 kB]\nGet:70 http://mirror.hetzner.com/ubuntu/packages jammy/main amd64 libjs-sphinxdoc all 4.3.2-1 [139 kB]\nGet:71 http://mirror.hetzner.com/ubuntu/packages jammy-updates/main amd64 zlib1g-dev amd64 1:1.2.11.dfsg-2ubuntu9.2 [164 kB]\nGet:72 http://mirror.hetzner.com/ubuntu/packages jammy-updates/main amd64 libpython3-dev amd64 3.10.6-1~22.04.1 [7064 B]\nGet:73 http://mirror.hetzner.com/ubuntu/packages jammy-updates/main amd64 libssl-dev amd64 3.0.2-0ubuntu1.21 [2375 kB]\nGet:74 http://mirror.hetzner.com/ubuntu/packages jammy/main amd64 manpages-dev all 5.10-1ubuntu1 [2309 kB]\nGet:75 http://mirror.hetzner.com/ubuntu/packages jammy-updates/main amd64 python3-dev amd64 3.10.6-1~22.04.1 [26.0 kB]\nGet:76 http://mirror.hetzner.com/ubuntu/packages jammy-updates/universe amd64 python3-wheel all 0.37.1-2ubuntu0.22.04.1 [32.0 kB]\nGet:77 http://mirror.hetzner.com/ubuntu/packages jammy-updates/universe amd64 python3-pip all 22.0.2+dfsg-1ubuntu0.7 [1306 kB]\nGet:78 http://mirror.hetzner.com/ubuntu/packages jammy-updates/universe amd64 python3-pip-whl all 22.0.2+dfsg-1ubuntu0.7 [1683 kB]\nGet:79 http://mirror.hetzner.com/ubuntu/packages jammy-updates/universe amd64 python3-setuptools-whl all 59.6.0-1.2ubuntu0.22.04.3 [789 kB]\nGet:80 http://mirror.hetzner.com/ubuntu/packages jammy-updates/universe amd64 python3-venv amd64 3.10.6-1~22.04.1 [1042 B]\nGet:81 http://mirror.hetzner.com/ubuntu/packages jammy/main amd64 libffi-dev amd64 3.4.2-4 [63.7 kB]\nFetched 80.5 MB in 2s (43.3 MB/s)\nSelecting previously unselected package libxau6:amd64.\r\n(Reading database ... \r(Reading database ... 5%\r(Reading database ... 10%\r(Reading database ... 15%\r(Reading database ... 20%\r(Reading database ... 25%\r(Reading database ... 30%\r(Reading database ... 35%\r(Reading database ... 40%\r(Reading database ... 45%\r(Reading database ... 50%\r(Reading database ... 55%\r(Reading database ... 60%\r(Reading database ... 65%\r(Reading database ... 70%\r(Reading database ... 75%\r(Reading database ... 80%\r(Reading database ... 85%\r(Reading database ... 90%\r(Reading database ... 95%\r(Reading database ... 100%\r(Reading database ... 51003 files and directories currently installed.)\r\nPreparing to unpack .../00-libxau6_1%3a1.0.9-1build5_amd64.deb ...\r\nUnpacking libxau6:amd64 (1:1.0.9-1build5) ...\r\nSelecting previously unselected package libxdmcp6:amd64.\r\nPreparing to unpack .../01-libxdmcp6_1%3a1.1.3-0ubuntu5_amd64.deb ...\r\nUnpacking libxdmcp6:amd64 (1:1.1.3-0ubuntu5) ...\r\nSelecting previously unselected package libxcb1:amd64.\r\nPreparing to unpack .../02-libxcb1_1.14-3ubuntu3_amd64.deb ...\r\nUnpacking libxcb1:amd64 (1.14-3ubuntu3) ...\r\nSelecting previously unselected package libx11-data.\r\nPreparing to unpack .../03-libx11-data_2%3a1.7.5-1ubuntu0.3_all.deb ...\r\nUnpacking libx11-data (2:1.7.5-1ubuntu0.3) ...\r\nSelecting previously unselected package libx11-6:amd64.\r\nPreparing to unpack .../04-libx11-6_2%3a1.7.5-1ubuntu0.3_amd64.deb ...\r\nUnpacking libx11-6:amd64 (2:1.7.5-1ubuntu0.3) ...\r\nSelecting previously unselected package binutils-common:amd64.\r\nPreparing to unpack .../05-binutils-common_2.38-4ubuntu2.12_amd64.deb ...\r\nUnpacking binutils-common:amd64 (2.38-4ubuntu2.12) ...\r\nSelecting previously unselected package libbinutils:amd64.\r\nPreparing to unpack .../06-libbinutils_2.38-4ubuntu2.12_amd64.deb ...\r\nUnpacking libbinutils:amd64 (2.38-4ubuntu2.12) ...\r\nSelecting previously unselected package libctf-nobfd0:amd64.\r\nPreparing to unpack .../07-libctf-nobfd0_2.38-4ubuntu2.12_amd64.deb ...\r\nUnpacking libctf-nobfd0:amd64 (2.38-4ubuntu2.12) ...\r\nSelecting previously unselected package libctf0:amd64.\r\nPreparing to unpack .../08-libctf0_2.38-4ubuntu2.12_amd64.deb ...\r\nUnpacking libctf0:amd64 (2.38-4ubuntu2.12) ...\r\nSelecting previously unselected package binutils-x86-64-linux-gnu.\r\nPreparing to unpack .../09-binutils-x86-64-linux-gnu_2.38-4ubuntu2.12_amd64.deb ...\r\nUnpacking binutils-x86-64-linux-gnu (2.38-4ubuntu2.12) ...\r\nSelecting previously unselected package binutils.\r\nPreparing to unpack .../10-binutils_2.38-4ubuntu2.12_amd64.deb ...\r\nUnpacking binutils (2.38-4ubuntu2.12) ...\r\nSelecting previously unselected package libc-dev-bin.\r\nPreparing to unpack .../11-libc-dev-bin_2.35-0ubuntu3.13_amd64.deb ...\r\nUnpacking libc-dev-bin (2.35-0ubuntu3.13) ...\r\nSelecting previously unselected package linux-libc-dev:amd64.\r\nPreparing to unpack .../12-linux-libc-dev_5.15.0-168.178_amd64.deb ...\r\nUnpacking linux-libc-dev:amd64 (5.15.0-168.178) ...\r\nSelecting previously unselected package libcrypt-dev:amd64.\r\nPreparing to unpack .../13-libcrypt-dev_1%3a4.4.27-1_amd64.deb ...\r\nUnpacking libcrypt-dev:amd64 (1:4.4.27-1) ...\r\nSelecting previously unselected package rpcsvc-proto.\r\nPreparing to unpack .../14-rpcsvc-proto_1.4.2-0ubuntu6_amd64.deb ...\r\nUnpacking rpcsvc-proto (1.4.2-0ubuntu6) ...\r\nSelecting previously unselected package libtirpc-dev:amd64.\r\nPreparing to unpack .../15-libtirpc-dev_1.3.2-2ubuntu0.1_amd64.deb ...\r\nUnpacking libtirpc-dev:amd64 (1.3.2-2ubuntu0.1) ...\r\nSelecting previously unselected package libnsl-dev:amd64.\r\nPreparing to unpack .../16-libnsl-dev_1.3.0-2build2_amd64.deb ...\r\nUnpacking libnsl-dev:amd64 (1.3.0-2build2) ...\r\nSelecting previously unselected package libc6-dev:amd64.\r\nPreparing to unpack .../17-libc6-dev_2.35-0ubuntu3.13_amd64.deb ...\r\nUnpacking libc6-dev:amd64 (2.35-0ubuntu3.13) ...\r\nSelecting previously unselected package gcc-11-base:amd64.\r\nPreparing to unpack .../18-gcc-11-base_11.4.0-1ubuntu1~22.04.2_amd64.deb ...\r\nUnpacking gcc-11-base:amd64 (11.4.0-1ubuntu1~22.04.2) ...\r\nSelecting previously unselected package libisl23:amd64.\r\nPreparing to unpack .../19-libisl23_0.24-2build1_amd64.deb ...\r\nUnpacking libisl23:amd64 (0.24-2build1) ...\r\nSelecting previously unselected package libmpc3:amd64.\r\nPreparing to unpack .../20-libmpc3_1.2.1-2build1_amd64.deb ...\r\nUnpacking libmpc3:amd64 (1.2.1-2build1) ...\r\nSelecting previously unselected package cpp-11.\r\nPreparing to unpack .../21-cpp-11_11.4.0-1ubuntu1~22.04.2_amd64.deb ...\r\nUnpacking cpp-11 (11.4.0-1ubuntu1~22.04.2) ...\r\nSelecting previously unselected package cpp.\r\nPreparing to unpack .../22-cpp_4%3a11.2.0-1ubuntu1_amd64.deb ...\r\nUnpacking cpp (4:11.2.0-1ubuntu1) ...\r\nSelecting previously unselected package libcc1-0:amd64.\r\nPreparing to unpack .../23-libcc1-0_12.3.0-1ubuntu1~22.04.2_amd64.deb ...\r\nUnpacking libcc1-0:amd64 (12.3.0-1ubuntu1~22.04.2) ...\r\nSelecting previously unselected package libgomp1:amd64.\r\nPreparing to unpack .../24-libgomp1_12.3.0-1ubuntu1~22.04.2_amd64.deb ...\r\nUnpacking libgomp1:amd64 (12.3.0-1ubuntu1~22.04.2) ...\r\nSelecting previously unselected package libitm1:amd64.\r\nPreparing to unpack .../25-libitm1_12.3.0-1ubuntu1~22.04.2_amd64.deb ...\r\nUnpacking libitm1:amd64 (12.3.0-1ubuntu1~22.04.2) ...\r\nSelecting previously unselected package libatomic1:amd64.\r\nPreparing to unpack .../26-libatomic1_12.3.0-1ubuntu1~22.04.2_amd64.deb ...\r\nUnpacking libatomic1:amd64 (12.3.0-1ubuntu1~22.04.2) ...\r\nSelecting previously unselected package libasan6:amd64.\r\nPreparing to unpack .../27-libasan6_11.4.0-1ubuntu1~22.04.2_amd64.deb ...\r\nUnpacking libasan6:amd64 (11.4.0-1ubuntu1~22.04.2) ...\r\nSelecting previously unselected package liblsan0:amd64.\r\nPreparing to unpack .../28-liblsan0_12.3.0-1ubuntu1~22.04.2_amd64.deb ...\r\nUnpacking liblsan0:amd64 (12.3.0-1ubuntu1~22.04.2) ...\r\nSelecting previously unselected package libtsan0:amd64.\r\nPreparing to unpack .../29-libtsan0_11.4.0-1ubuntu1~22.04.2_amd64.deb ...\r\nUnpacking libtsan0:amd64 (11.4.0-1ubuntu1~22.04.2) ...\r\nSelecting previously unselected package libubsan1:amd64.\r\nPreparing to unpack .../30-libubsan1_12.3.0-1ubuntu1~22.04.2_amd64.deb ...\r\nUnpacking libubsan1:amd64 (12.3.0-1ubuntu1~22.04.2) ...\r\nSelecting previously unselected package libquadmath0:amd64.\r\nPreparing to unpack .../31-libquadmath0_12.3.0-1ubuntu1~22.04.2_amd64.deb ...\r\nUnpacking libquadmath0:amd64 (12.3.0-1ubuntu1~22.04.2) ...\r\nSelecting previously unselected package libgcc-11-dev:amd64.\r\nPreparing to unpack .../32-libgcc-11-dev_11.4.0-1ubuntu1~22.04.2_amd64.deb ...\r\nUnpacking libgcc-11-dev:amd64 (11.4.0-1ubuntu1~22.04.2) ...\r\nSelecting previously unselected package gcc-11.\r\nPreparing to unpack .../33-gcc-11_11.4.0-1ubuntu1~22.04.2_amd64.deb ...\r\nUnpacking gcc-11 (11.4.0-1ubuntu1~22.04.2) ...\r\nSelecting previously unselected package gcc.\r\nPreparing to unpack .../34-gcc_4%3a11.2.0-1ubuntu1_amd64.deb ...\r\nUnpacking gcc (4:11.2.0-1ubuntu1) ...\r\nSelecting previously unselected package libstdc++-11-dev:amd64.\r\nPreparing to unpack .../35-libstdc++-11-dev_11.4.0-1ubuntu1~22.04.2_amd64.deb ...\r\nUnpacking libstdc++-11-dev:amd64 (11.4.0-1ubuntu1~22.04.2) ...\r\nSelecting previously unselected package g++-11.\r\nPreparing to unpack .../36-g++-11_11.4.0-1ubuntu1~22.04.2_amd64.deb ...\r\nUnpacking g++-11 (11.4.0-1ubuntu1~22.04.2) ...\r\nSelecting previously unselected package g++.\r\nPreparing to unpack .../37-g++_4%3a11.2.0-1ubuntu1_amd64.deb ...\r\nUnpacking g++ (4:11.2.0-1ubuntu1) ...\r\nSelecting previously unselected package make.\r\nPreparing to unpack .../38-make_4.3-4.1build1_amd64.deb ...\r\nUnpacking make (4.3-4.1build1) ...\r\nSelecting previously unselected package libdpkg-perl.\r\nPreparing to unpack .../39-libdpkg-perl_1.21.1ubuntu2.6_all.deb ...\r\nUnpacking libdpkg-perl (1.21.1ubuntu2.6) ...\r\nSelecting previously unselected package bzip2.\r\nPreparing to unpack .../40-bzip2_1.0.8-5build1_amd64.deb ...\r\nUnpacking bzip2 (1.0.8-5build1) ...\r\nSelecting previously unselected package lto-disabled-list.\r\nPreparing to unpack .../41-lto-disabled-list_24_all.deb ...\r\nUnpacking lto-disabled-list (24) ...\r\nSelecting previously unselected package dpkg-dev.\r\nPreparing to unpack .../42-dpkg-dev_1.21.1ubuntu2.6_all.deb ...\r\nUnpacking dpkg-dev (1.21.1ubuntu2.6) ...\r\nSelecting previously unselected package build-essential.\r\nPreparing to unpack .../43-build-essential_12.9ubuntu3_amd64.deb ...\r\nUnpacking build-essential (12.9ubuntu3) ...\r\nSelecting previously unselected package libfakeroot:amd64.\r\nPreparing to unpack .../44-libfakeroot_1.28-1ubuntu1_amd64.deb ...\r\nUnpacking libfakeroot:amd64 (1.28-1ubuntu1) ...\r\nSelecting previously unselected package fakeroot.\r\nPreparing to unpack .../45-fakeroot_1.28-1ubuntu1_amd64.deb ...\r\nUnpacking fakeroot (1.28-1ubuntu1) ...\r\nSelecting previously unselected package fonts-dejavu-core.\r\nPreparing to unpack .../46-fonts-dejavu-core_2.37-2build1_all.deb ...\r\nUnpacking fonts-dejavu-core (2.37-2build1) ...\r\nSelecting previously unselected package fontconfig-config.\r\nPreparing to unpack .../47-fontconfig-config_2.13.1-4.2ubuntu5_all.deb ...\r\nUnpacking fontconfig-config (2.13.1-4.2ubuntu5) ...\r\nSelecting previously unselected package javascript-common.\r\nPreparing to unpack .../48-javascript-common_11+nmu1_all.deb ...\r\nUnpacking javascript-common (11+nmu1) ...\r\nSelecting previously unselected package libalgorithm-diff-perl.\r\nPreparing to unpack .../49-libalgorithm-diff-perl_1.201-1_all.deb ...\r\nUnpacking libalgorithm-diff-perl (1.201-1) ...\r\nSelecting previously unselected package libalgorithm-diff-xs-perl.\r\nPreparing to unpack .../50-libalgorithm-diff-xs-perl_0.04-6build3_amd64.deb ...\r\nUnpacking libalgorithm-diff-xs-perl (0.04-6build3) ...\r\nSelecting previously unselected package libalgorithm-merge-perl.\r\nPreparing to unpack .../51-libalgorithm-merge-perl_0.08-3_all.deb ...\r\nUnpacking libalgorithm-merge-perl (0.08-3) ...\r\nSelecting previously unselected package libfontconfig1:amd64.\r\nPreparing to unpack .../52-libfontconfig1_2.13.1-4.2ubuntu5_amd64.deb ...\r\nUnpacking libfontconfig1:amd64 (2.13.1-4.2ubuntu5) ...\r\nSelecting previously unselected package libjpeg-turbo8:amd64.\r\nPreparing to unpack .../53-libjpeg-turbo8_2.1.2-0ubuntu1_amd64.deb ...\r\nUnpacking libjpeg-turbo8:amd64 (2.1.2-0ubuntu1) ...\r\nSelecting previously unselected package libjpeg8:amd64.\r\nPreparing to unpack .../54-libjpeg8_8c-2ubuntu10_amd64.deb ...\r\nUnpacking libjpeg8:amd64 (8c-2ubuntu10) ...\r\nSelecting previously unselected package libdeflate0:amd64.\r\nPreparing to unpack .../55-libdeflate0_1.10-2_amd64.deb ...\r\nUnpacking libdeflate0:amd64 (1.10-2) ...\r\nSelecting previously unselected package libjbig0:amd64.\r\nPreparing to unpack .../56-libjbig0_2.1-3.1ubuntu0.22.04.1_amd64.deb ...\r\nUnpacking libjbig0:amd64 (2.1-3.1ubuntu0.22.04.1) ...\r\nSelecting previously unselected package libwebp7:amd64.\r\nPreparing to unpack .../57-libwebp7_1.2.2-2ubuntu0.22.04.2_amd64.deb ...\r\nUnpacking libwebp7:amd64 (1.2.2-2ubuntu0.22.04.2) ...\r\nSelecting previously unselected package libtiff5:amd64.\r\nPreparing to unpack .../58-libtiff5_4.3.0-6ubuntu0.12_amd64.deb ...\r\nUnpacking libtiff5:amd64 (4.3.0-6ubuntu0.12) ...\r\nSelecting previously unselected package libxpm4:amd64.\r\nPreparing to unpack .../59-libxpm4_1%3a3.5.12-1ubuntu0.22.04.2_amd64.deb ...\r\nUnpacking libxpm4:amd64 (1:3.5.12-1ubuntu0.22.04.2) ...\r\nSelecting previously unselected package libgd3:amd64.\r\nPreparing to unpack .../60-libgd3_2.3.0-2ubuntu2.3_amd64.deb ...\r\nUnpacking libgd3:amd64 (2.3.0-2ubuntu2.3) ...\r\nSelecting previously unselected package libc-devtools.\r\nPreparing to unpack .../61-libc-devtools_2.35-0ubuntu3.13_amd64.deb ...\r\nUnpacking libc-devtools (2.35-0ubuntu3.13) ...\r\nSelecting previously unselected package libexpat1-dev:amd64.\r\nPreparing to unpack .../62-libexpat1-dev_2.4.7-1ubuntu0.6_amd64.deb ...\r\nUnpacking libexpat1-dev:amd64 (2.4.7-1ubuntu0.6) ...\r\nSelecting previously unselected package libfile-fcntllock-perl.\r\nPreparing to unpack .../63-libfile-fcntllock-perl_0.22-3build7_amd64.deb ...\r\nUnpacking libfile-fcntllock-perl (0.22-3build7) ...\r\nSelecting previously unselected package libjs-jquery.\r\nPreparing to unpack .../64-libjs-jquery_3.6.0+dfsg+~3.5.13-1_all.deb ...\r\nUnpacking libjs-jquery (3.6.0+dfsg+~3.5.13-1) ...\r\nSelecting previously unselected package libjs-underscore.\r\nPreparing to unpack .../65-libjs-underscore_1.13.2~dfsg-2_all.deb ...\r\nUnpacking libjs-underscore (1.13.2~dfsg-2) ...\r\nSelecting previously unselected package libjs-sphinxdoc.\r\nPreparing to unpack .../66-libjs-sphinxdoc_4.3.2-1_all.deb ...\r\nUnpacking libjs-sphinxdoc (4.3.2-1) ...\r\nSelecting previously unselected package zlib1g-dev:amd64.\r\nPreparing to unpack .../67-zlib1g-dev_1%3a1.2.11.dfsg-2ubuntu9.2_amd64.deb ...\r\nUnpacking zlib1g-dev:amd64 (1:1.2.11.dfsg-2ubuntu9.2) ...\r\nSelecting previously unselected package libpython3.10-dev:amd64.\r\nPreparing to unpack .../68-libpython3.10-dev_3.10.12-1~22.04.14_amd64.deb ...\r\nUnpacking libpython3.10-dev:amd64 (3.10.12-1~22.04.14) ...\r\nSelecting previously unselected package libpython3-dev:amd64.\r\nPreparing to unpack .../69-libpython3-dev_3.10.6-1~22.04.1_amd64.deb ...\r\nUnpacking libpython3-dev:amd64 (3.10.6-1~22.04.1) ...\r\nSelecting previously unselected package libssl-dev:amd64.\r\nPreparing to unpack .../70-libssl-dev_3.0.2-0ubuntu1.21_amd64.deb ...\r\nUnpacking libssl-dev:amd64 (3.0.2-0ubuntu1.21) ...\r\nSelecting previously unselected package manpages-dev.\r\nPreparing to unpack .../71-manpages-dev_5.10-1ubuntu1_all.deb ...\r\nUnpacking manpages-dev (5.10-1ubuntu1) ...\r\nSelecting previously unselected package python3.10-dev.\r\nPreparing to unpack .../72-python3.10-dev_3.10.12-1~22.04.14_amd64.deb ...\r\nUnpacking python3.10-dev (3.10.12-1~22.04.14) ...\r\nSelecting previously unselected package python3-dev.\r\nPreparing to unpack .../73-python3-dev_3.10.6-1~22.04.1_amd64.deb ...\r\nUnpacking python3-dev (3.10.6-1~22.04.1) ...\r\nSelecting previously unselected package python3-wheel.\r\nPreparing to unpack .../74-python3-wheel_0.37.1-2ubuntu0.22.04.1_all.deb ...\r\nUnpacking python3-wheel (0.37.1-2ubuntu0.22.04.1) ...\r\nSelecting previously unselected package python3-pip.\r\nPreparing to unpack .../75-python3-pip_22.0.2+dfsg-1ubuntu0.7_all.deb ...\r\nUnpacking python3-pip (22.0.2+dfsg-1ubuntu0.7) ...\r\nSelecting previously unselected package python3-pip-whl.\r\nPreparing to unpack .../76-python3-pip-whl_22.0.2+dfsg-1ubuntu0.7_all.deb ...\r\nUnpacking python3-pip-whl (22.0.2+dfsg-1ubuntu0.7) ...\r\nSelecting previously unselected package python3-setuptools-whl.\r\nPreparing to unpack .../77-python3-setuptools-whl_59.6.0-1.2ubuntu0.22.04.3_all.deb ...\r\nUnpacking python3-setuptools-whl (59.6.0-1.2ubuntu0.22.04.3) ...\r\nSelecting previously unselected package python3.10-venv.\r\nPreparing to unpack .../78-python3.10-venv_3.10.12-1~22.04.14_amd64.deb ...\r\nUnpacking python3.10-venv (3.10.12-1~22.04.14) ...\r\nSelecting previously unselected package python3-venv.\r\nPreparing to unpack .../79-python3-venv_3.10.6-1~22.04.1_amd64.deb ...\r\nUnpacking python3-venv (3.10.6-1~22.04.1) ...\r\nSelecting previously unselected package libffi-dev:amd64.\r\nPreparing to unpack .../80-libffi-dev_3.4.2-4_amd64.deb ...\r\nUnpacking libffi-dev:amd64 (3.4.2-4) ...\r\nSetting up javascript-common (11+nmu1) ...\r\nSetting up gcc-11-base:amd64 (11.4.0-1ubuntu1~22.04.2) ...\r\nSetting up manpages-dev (5.10-1ubuntu1) ...\r\nSetting up libxau6:amd64 (1:1.0.9-1build5) ...\r\nSetting up libxdmcp6:amd64 (1:1.1.3-0ubuntu5) ...\r\nSetting up python3-setuptools-whl (59.6.0-1.2ubuntu0.22.04.3) ...\r\nSetting up lto-disabled-list (24) ...\r\nSetting up libxcb1:amd64 (1.14-3ubuntu3) ...\r\nSetting up libfile-fcntllock-perl (0.22-3build7) ...\r\nSetting up python3-pip-whl (22.0.2+dfsg-1ubuntu0.7) ...\r\nSetting up libalgorithm-diff-perl (1.201-1) ...\r\nSetting up binutils-common:amd64 (2.38-4ubuntu2.12) ...\r\nSetting up libdeflate0:amd64 (1.10-2) ...\r\nSetting up linux-libc-dev:amd64 (5.15.0-168.178) ...\r\nSetting up libctf-nobfd0:amd64 (2.38-4ubuntu2.12) ...\r\nSetting up libgomp1:amd64 (12.3.0-1ubuntu1~22.04.2) ...\r\nSetting up bzip2 (1.0.8-5build1) ...\r\nSetting up libffi-dev:amd64 (3.4.2-4) ...\r\nSetting up python3-wheel (0.37.1-2ubuntu0.22.04.1) ...\r\nSetting up libjbig0:amd64 (2.1-3.1ubuntu0.22.04.1) ...\r\nSetting up libfakeroot:amd64 (1.28-1ubuntu1) ...\r\nSetting up libasan6:amd64 (11.4.0-1ubuntu1~22.04.2) ...\r\nSetting up fakeroot (1.28-1ubuntu1) ...\r\nupdate-alternatives: using /usr/bin/fakeroot-sysv to provide /usr/bin/fakeroot (fakeroot) in auto mode\r\nSetting up libtirpc-dev:amd64 (1.3.2-2ubuntu0.1) ...\r\nSetting up rpcsvc-proto (1.4.2-0ubuntu6) ...\r\nSetting up libx11-data (2:1.7.5-1ubuntu0.3) ...\r\nSetting up make (4.3-4.1build1) ...\r\nSetting up libquadmath0:amd64 (12.3.0-1ubuntu1~22.04.2) ...\r\nSetting up libssl-dev:amd64 (3.0.2-0ubuntu1.21) ...\r\nSetting up libmpc3:amd64 (1.2.1-2build1) ...\r\nSetting up libatomic1:amd64 (12.3.0-1ubuntu1~22.04.2) ...\r\nSetting up fonts-dejavu-core (2.37-2build1) ...\r\nSetting up python3-pip (22.0.2+dfsg-1ubuntu0.7) ...\r\nSetting up libjpeg-turbo8:amd64 (2.1.2-0ubuntu1) ...\r\nSetting up libdpkg-perl (1.21.1ubuntu2.6) ...\r\nSetting up libwebp7:amd64 (1.2.2-2ubuntu0.22.04.2) ...\r\nSetting up libubsan1:amd64 (12.3.0-1ubuntu1~22.04.2) ...\r\nSetting up libnsl-dev:amd64 (1.3.0-2build2) ...\r\nSetting up libcrypt-dev:amd64 (1:4.4.27-1) ...\r\nSetting up libx11-6:amd64 (2:1.7.5-1ubuntu0.3) ...\r\nSetting up libjs-jquery (3.6.0+dfsg+~3.5.13-1) ...\r\nSetting up libbinutils:amd64 (2.38-4ubuntu2.12) ...\r\nSetting up libisl23:amd64 (0.24-2build1) ...\r\nSetting up libc-dev-bin (2.35-0ubuntu3.13) ...\r\nSetting up libalgorithm-diff-xs-perl (0.04-6build3) ...\r\nSetting up libcc1-0:amd64 (12.3.0-1ubuntu1~22.04.2) ...\r\nSetting up liblsan0:amd64 (12.3.0-1ubuntu1~22.04.2) ...\r\nSetting up libitm1:amd64 (12.3.0-1ubuntu1~22.04.2) ...\r\nSetting up libjs-underscore (1.13.2~dfsg-2) ...\r\nSetting up libalgorithm-merge-perl (0.08-3) ...\r\nSetting up libtsan0:amd64 (11.4.0-1ubuntu1~22.04.2) ...\r\nSetting up libctf0:amd64 (2.38-4ubuntu2.12) ...\r\nSetting up libjpeg8:amd64 (8c-2ubuntu10) ...\r\nSetting up cpp-11 (11.4.0-1ubuntu1~22.04.2) ...\r\nSetting up python3.10-venv (3.10.12-1~22.04.14) ...\r\nSetting up libxpm4:amd64 (1:3.5.12-1ubuntu0.22.04.2) ...\r\nSetting up fontconfig-config (2.13.1-4.2ubuntu5) ...\r\nSetting up python3-venv (3.10.6-1~22.04.1) ...\r\nSetting up libjs-sphinxdoc (4.3.2-1) ...\r\nSetting up libgcc-11-dev:amd64 (11.4.0-1ubuntu1~22.04.2) ...\r\nSetting up cpp (4:11.2.0-1ubuntu1) ...\r\nSetting up libc6-dev:amd64 (2.35-0ubuntu3.13) ...\r\nSetting up libtiff5:amd64 (4.3.0-6ubuntu0.12) ...\r\nSetting up libfontconfig1:amd64 (2.13.1-4.2ubuntu5) ...\r\nSetting up binutils-x86-64-linux-gnu (2.38-4ubuntu2.12) ...\r\nSetting up binutils (2.38-4ubuntu2.12) ...\r\nSetting up dpkg-dev (1.21.1ubuntu2.6) ...\r\nSetting up libexpat1-dev:amd64 (2.4.7-1ubuntu0.6) ...\r\nSetting up libgd3:amd64 (2.3.0-2ubuntu2.3) ...\r\nSetting up libstdc++-11-dev:amd64 (11.4.0-1ubuntu1~22.04.2) ...\r\nSetting up zlib1g-dev:amd64 (1:1.2.11.dfsg-2ubuntu9.2) ...\r\nSetting up gcc-11 (11.4.0-1ubuntu1~22.04.2) ...\r\nSetting up libc-devtools (2.35-0ubuntu3.13) ...\r\nSetting up g++-11 (11.4.0-1ubuntu1~22.04.2) ...\r\nSetting up gcc (4:11.2.0-1ubuntu1) ...\r\nSetting up libpython3.10-dev:amd64 (3.10.12-1~22.04.14) ...\r\nSetting up python3.10-dev (3.10.12-1~22.04.14) ...\r\nSetting up g++ (4:11.2.0-1ubuntu1) ...\r\nupdate-alternatives: using /usr/bin/g++ to provide /usr/bin/c++ (c++) in auto mode\r\nSetting up build-essential (12.9ubuntu3) ...\r\nSetting up libpython3-dev:amd64 (3.10.6-1~22.04.1) ...\r\nSetting up python3-dev (3.10.6-1~22.04.1) ...\r\nProcessing triggers for libc-bin (2.35-0ubuntu3.13) ...\r\nProcessing triggers for man-db (2.10.2-1) ...\r\nProcessing triggers for install-info (6.8-4build1) ...\r\n", "stdout_lines": ["Reading package lists...", "Building dependency tree...", "Reading state information...", "The f
2026-02-06T16:53:43.796868Z 01O+ollowing additional packages will be installed:", "  binutils binutils-common binutils-x86-64-linux-gnu bzip2 cpp cpp-11 dpkg-dev", "  fakeroot fontconfig-config fonts-dejavu-core g++ g++-11 gcc gcc-11", "  gcc-11-base javascript-common libalgorithm-diff-perl", "  libalgorithm-diff-xs-perl libalgorithm-merge-perl libasan6 libatomic1", "  libbinutils libc-dev-bin libc-devtools libc6-dev libcc1-0 libcrypt-dev", "  libctf-nobfd0 libctf0 libdeflate0 libdpkg-perl libexpat1-dev libfakeroot", "  libfile-fcntllock-perl libfontconfig1 libgcc-11-dev libgd3 libgomp1 libisl23", "  libitm1 libjbig0 libjpeg-turbo8 libjpeg8 libjs-jquery libjs-sphinxdoc", "  libjs-underscore liblsan0 libmpc3 libnsl-dev libpython3-dev", "  libpython3.10-dev libquadmath0 libstdc++-11-dev libtiff5 libtirpc-dev", "  libtsan0 libubsan1 libwebp7 libx11-6 libx11-data libxau6 libxcb1 libxdmcp6", "  libxpm4 linux-libc-dev lto-disabled-list make manpages-dev python3-dev", "  python3-pip-whl python3-setuptools-whl python3-wheel python3.10-dev", "  python3.10-venv rpcsvc-proto zlib1g-dev", "Suggested packages:", "  binutils-doc bzip2-doc cpp-doc gcc-11-locales debian-keyring g++-multilib", "  g++-11-multilib gcc-11-doc gcc-multilib autoconf automake libtool flex bison", "  gdb gcc-doc gcc-11-multilib apache2 | lighttpd | httpd glibc-doc bzr", "  libgd-tools libssl-doc libstdc++-11-doc make-doc", "The following NEW packages will be installed:", "  binutils binutils-common binutils-x86-64-linux-gnu build-essential bzip2 cpp", "  cpp-11 dpkg-dev fakeroot fontconfig-config fonts-dejavu-core g++ g++-11 gcc", "  gcc-11 gcc-11-base javascript-common libalgorithm-diff-perl", "  libalgorithm-diff-xs-perl libalgorithm-merge-perl libasan6 libatomic1", "  libbinutils libc-dev-bin libc-devtools libc6-dev libcc1-0 libcrypt-dev", "  libctf-nobfd0 libctf0 libdeflate0 libdpkg-perl libexpat1-dev libfakeroot", "  libffi-dev libfile-fcntllock-perl libfontconfig1 libgcc-11-dev libgd3", "  libgomp1 libisl23 libitm1 libjbig0 libjpeg-turbo8 libjpeg8 libjs-jquery", "  libjs-sphinxdoc libjs-underscore liblsan0 libmpc3 libnsl-dev libpython3-dev", "  libpython3.10-dev libquadmath0 libssl-dev libstdc++-11-dev libtiff5", "  libtirpc-dev libtsan0 libubsan1 libwebp7 libx11-6 libx11-data libxau6", "  libxcb1 libxdmcp6 libxpm4 linux-libc-dev lto-disabled-list make manpages-dev", "  python3-dev python3-pip python3-pip-whl python3-setuptools-whl python3-venv", "  python3-wheel python3.10-dev python3.10-venv rpcsvc-proto zlib1g-dev", "0 upgraded, 81 newly installed, 0 to remove and 2 not upgraded.", "Need to get 80.5 MB of archives.", "After this operation, 273 MB of additional disk space will be used.", "Get:1 http://archive.ubuntu.com/ubuntu jammy-updates/main amd64 libpython3.10-dev amd64 3.10.12-1~22.04.14 [4765 kB]", "Get:2 http://mirror.hetzner.com/ubuntu/packages jammy/main amd64 libxau6 amd64 1:1.0.9-1build5 [7634 B]", "Get:3 http://mirror.hetzner.com/ubuntu/packages jammy/main amd64 libxdmcp6 amd64 1:1.1.3-0ubuntu5 [10.9 kB]", "Get:4 http://mirror.hetzner.com/ubuntu/packages jammy/main amd64 libxcb1 amd64 1.14-3ubuntu3 [49.0 kB]", "Get:5 http://archive.ubuntu.com/ubuntu jammy-updates/main amd64 python3.10-dev amd64 3.10.12-1~22.04.14 [508 kB]", "Get:6 http://archive.ubuntu.com/ubuntu jammy-updates/universe amd64 python3.10-venv amd64 3.10.12-1~22.04.14 [5724 B]", "Get:7 http://mirror.hetzner.com/ubuntu/packages jammy-updates/main amd64 libx11-data all 2:1.7.5-1ubuntu0.3 [120 kB]", "Get:8 http://mirror.hetzner.com/ubuntu/packages jammy-updates/main amd64 libx11-6 amd64 2:1.7.5-1ubuntu0.3 [667 kB]", "Get:9 http://mirror.hetzner.com/ubuntu/packages jammy-updates/main amd64 binutils-common amd64 2.38-4ubuntu2.12 [223 kB]", "Get:10 http://mirror.hetzner.com/ubuntu/packages jammy-updates/main amd64 libbinutils amd64 2.38-4ubuntu2.12 [663 kB]", "Get:11 http://mirror.hetzner.com/ubuntu/packages jammy-updates/main amd64 libctf-nobfd0 amd64 2.38-4ubuntu2.12 [108 kB]", "Get:12 http://mirror.hetzner.com/ubuntu/packages jammy-updates/main amd64 libctf0 amd64 2.38-4ubuntu2.12 [103 kB]", "Get:13 http://mirror.hetzner.com/ubuntu/packages jammy-updates/main amd64 binutils-x86-64-linux-gnu amd64 2.38-4ubuntu2.12 [2324 kB]", "Get:14 http://mirror.hetzner.com/ubuntu/packages jammy-updates/main amd64 binutils amd64 2.38-4ubuntu2.12 [3184 B]", "Get:15 http://mirror.hetzner.com/ubuntu/packages jammy-updates/main amd64 libc-dev-bin amd64 2.35-0ubuntu3.13 [20.3 kB]", "Get:16 http://mirror.hetzner.com/ubuntu/packages jammy-updates/main amd64 linux-libc-dev amd64 5.15.0-168.178 [1310 kB]", "Get:17 http://mirror.hetzner.com/ubuntu/packages jammy/main amd64 libcrypt-dev amd64 1:4.4.27-1 [112 kB]", "Get:18 http://mirror.hetzner.com/ubuntu/packages jammy/main amd64 rpcsvc-proto amd64 1.4.2-0ubuntu6 [68.5 kB]", "Get:19 http://mirror.hetzner.com/ubuntu/packages jammy-updates/main amd64 libtirpc-dev amd64 1.3.2-2ubuntu0.1 [192 kB]", "Get:20 http://mirror.hetzner.com/ubuntu/packages jammy/main amd64 libnsl-dev amd64 1.3.0-2build2 [71.3 kB]", "Get:21 http://mirror.hetzner.com/ubuntu/packages jammy-updates/main amd64 libc6-dev amd64 2.35-0ubuntu3.13 [2101 kB]", "Get:22 http://mirror.hetzner.com/ubuntu/packages jammy-updates/main amd64 gcc-11-base amd64 11.4.0-1ubuntu1~22.04.2 [20.8 kB]", "Get:23 http://mirror.hetzner.com/ubuntu/packages jammy/main amd64 libisl23 amd64 0.24-2build1 [727 kB]", "Get:24 http://mirror.hetzner.com/ubuntu/packages jammy/main amd64 libmpc3 amd64 1.2.1-2build1 [46.9 kB]", "Get:25 http://mirror.hetzner.com/ubuntu/packages jammy-updates/main amd64 cpp-11 amd64 11.4.0-1ubuntu1~22.04.2 [10.0 MB]", "Get:26 http://mirror.hetzner.com/ubuntu/packages jammy/main amd64 cpp amd64 4:11.2.0-1ubuntu1 [27.7 kB]", "Get:27 http://mirror.hetzner.com/ubuntu/packages jammy-updates/main amd64 libcc1-0 amd64 12.3.0-1ubuntu1~22.04.2 [48.3 kB]", "Get:28 http://mirror.hetzner.com/ubuntu/packages jammy-updates/main amd64 libgomp1 amd64 12.3.0-1ubuntu1~22.04.2 [127 kB]", "Get:29 http://mirror.hetzner.com/ubuntu/packages jammy-updates/main amd64 libitm1 amd64 12.3.0-1ubuntu1~22.04.2 [30.2 kB]", "Get:30 http://mirror.hetzner.com/ubuntu/packages jammy-updates/main amd64 libatomic1 amd64 12.3.0-1ubuntu1~22.04.2 [10.4 kB]", "Get:31 http://mirror.hetzner.com/ubuntu/packages jammy-updates/main amd64 libasan6 amd64 11.4.0-1ubuntu1~22.04.2 [2283 kB]", "Get:32 http://mirror.hetzner.com/ubuntu/packages jammy-updates/main amd64 liblsan0 amd64 12.3.0-1ubuntu1~22.04.2 [1069 kB]", "Get:33 http://mirror.hetzner.com/ubuntu/packages jammy-updates/main amd64 libtsan0 amd64 11.4.0-1ubuntu1~22.04.2 [2262 kB]", "Get:34 http://mirror.hetzner.com/ubuntu/packages jammy-updates/main amd64 libubsan1 amd64 12.3.0-1ubuntu1~22.04.2 [976 kB]", "Get:35 http://mirror.hetzner.com/ubuntu/packages jammy-updates/main amd64 libquadmath0 amd64 12.3.0-1ubuntu1~22.04.2 [154 kB]", "Get:36 http://mirror.hetzner.com/ubuntu/packages jammy-updates/main amd64 libgcc-11-dev amd64 11.4.0-1ubuntu1~22.04.2 [2517 kB]", "Get:37 http://mirror.hetzner.com/ubuntu/packages jammy-updates/main amd64 gcc-11 amd64 11.4.0-1ubuntu1~22.04.2 [20.1 MB]", "Get:38 http://mirror.hetzner.com/ubuntu/packages jammy/main amd64 gcc amd64 4:11.2.0-1ubuntu1 [5112 B]", "Get:39 http://mirror.hetzner.com/ubuntu/packages jammy-updates/main amd64 libstdc++-11-dev amd64 11.4.0-1ubuntu1~22.04.2 [2101 kB]", "Get:40 http://mirror.hetzner.com/ubuntu/packages jammy-updates/main amd64 g++-11 amd64 11.4.0-1ubuntu1~22.04.2 [11.4 MB]", "Get:41 http://mirror.hetzner.com/ubuntu/packages jammy/main amd64 g++ amd64 4:11.2.0-1ubuntu1 [1412 B]", "Get:42 http://mirror.hetzner.com/ubuntu/packages jammy/main amd64 make amd64 4.3-4.1build1 [180 kB]", "Get:43 http://mirror.hetzner.com/ubuntu/packages jammy-updates/main amd64 libdpkg-perl all 1.21.1ubuntu2.6 [237 kB]", "Get:44 http://mirror.hetzner.com/ubuntu/packages jammy/main amd64 bzip2 amd64 1.0.8-5build1 [34.8 kB]", "Get:45 http://mirror.hetzner.com/ubuntu/packages jammy/main amd64 lto-disabled-list all 24 [12.5 kB]", "Get:46 http://mirror.hetzner.com/ubuntu/packages jammy-updates/main amd64 dpkg-dev all 1.21.1ubuntu2.6 [922 kB]", "Get:47 http://mirror.hetzner.com/ubuntu/packages jammy/main amd64 build-essential amd64 12.9ubuntu3 [4744 B]", "Get:48 http://mirror.hetzner.com/ubuntu/packages jammy/main amd64 libfakeroot amd64 1.28-1ubuntu1 [31.5 kB]", "Get:49 http://mirror.hetzner.com/ubuntu/packages jammy/main amd64 fakeroot amd64 1.28-1ubuntu1 [60.4 kB]", "Get:50 http://mirror.hetzner.com/ubuntu/packages jammy/main amd64 fonts-dejavu-core all 2.37-2build1 [1041 kB]", "Get:51 http://mirror.hetzner.com/ubuntu/packages jammy/main amd64 fontconfig-config all 2.13.1-4.2ubuntu5 [29.1 kB]", "Get:52 http://mirror.hetzner.com/ubuntu/packages jammy/main amd64 javascript-common all 11+nmu1 [5936 B]", "Get:53 http://mirror.hetzner.com/ubuntu/packages jammy/main amd64 libalgorithm-diff-perl all 1.201-1 [41.8 kB]", "Get:54 http://mirror.hetzner.com/ubuntu/packages jammy/main amd64 libalgorithm-diff-xs-perl amd64 0.04-6build3 [11.9 kB]", "Get:55 http://mirror.hetzner.com/ubuntu/packages jammy/main amd64 libalgorithm-merge-perl all 0.08-3 [12.0 kB]", "Get:56 http://mirror.hetzner.com/ubuntu/packages jammy/main amd64 libfontconfig1 amd64 2.13.1-4.2ubuntu5 [131 kB]", "Get:57 http://mirror.hetzner.com/ubuntu/packages jammy/main amd64 libjpeg-turbo8 amd64 2.1.2-0ubuntu1 [134 kB]", "Get:58 http://mirror.hetzner.com/ubuntu/packages jammy/main amd64 libjpeg8 amd64 8c-2ubuntu10 [2264 B]", "Get:59 http://mirror.hetzner.com/ubuntu/packages jammy/main amd64 libdeflate0 amd64 1.10-2 [70.9 kB]", "Get:60 http://mirror.hetzner.com/ubuntu/packages jammy-updates/main amd64 libjbig0 amd64 2.1-3.1ubuntu0.22.04.1 [29.2 kB]", "Get:61 http://mirror.hetzner.com/ubuntu/packages jammy-updates/main amd64 libwebp7 amd64 1.2.2-2ubuntu0.22.04.2 [206 kB]", "Get:62 http://mirror.hetzner.com/ubuntu/packages jammy-updates/main amd64 libtiff5 amd64 4.3.0-6ubuntu0.12 [185 kB]", "Get:63 http://mirror.hetzner.com/ubuntu/packages jammy-updates/main amd64 libxpm4 amd64 1:3.5.12-1ubuntu0.22.04.2 [36.7 kB]", "Get:64 http://mirror.hetzner.com/ubuntu/packages jammy-updates/main amd64 libgd3 amd64 2.3.0-2ubuntu2.3 [129 kB]", "Get:65 http://mirror.hetzner.com/ubuntu/packages jammy-updates/main amd64 libc-devtools amd64 2.35-0ubuntu3.13 [29.0 kB]", "Get:66 http://mirror.hetzner.com/ubuntu/packages jammy-updates/main amd64 libexpat1-dev amd64 2.4.7-1ubuntu0.6 [148 kB]", "Get:67 http://mirror.hetzner.com/ubuntu/packages jammy/main amd64 libfile-fcntllock-perl amd64 0.22-3build7 [33.9 kB]", "Get:68 http://mirror.hetzner.com/ubuntu/packages jammy/main amd64 libjs-jquery all 3.6.0+dfsg+~3.5.13-1 [321 kB]", "Get:69 http://mirror.hetzner.com/ubuntu/packages jammy/main amd64 libjs-underscore all 1.13.2~dfsg-2 [118 kB]", "Get:70 http://mirror.hetzner.com/ubuntu/packages jammy/main amd64 libjs-sphinxdoc all 4.3.2-1 [139 kB]", "Get:71 http://mirror.hetzner.com/ubuntu/packages jammy-updates/main amd64 zlib1g-dev amd64 1:1.2.11.dfsg-2ubuntu9.2 [164 kB]", "Get:72 http://mirror.hetzner.com/ubuntu/packages jammy-updates/main amd64 libpython3-dev amd64 3.10.6-1~22.04.1 [7064 B]", "Get:73 http://mirror.hetzner.com/ubuntu/packages jammy-updates/main amd64 libssl-dev amd64 3.0.2-0ubuntu1.21 [2375 kB]", "Get:74 http://mirror.hetzner.com/ubuntu/packages jammy/main amd64 manpages-dev all 5.10-1ubuntu1 [2309 kB]", "Get:75 http://mirror.hetzner.com/ubuntu/packages jammy-updates/main amd64 python3-dev amd64 3.10.6-1~22.04.1 [26.0 kB]", "Get:76 http://mirror.hetzner.com/ubuntu/packages jammy-updates/universe amd64 python3-wheel all 0.37.1-2ubuntu0.22.04.1 [32.0 kB]", "Get:77 http://mirror.hetzner.com/ubuntu/packages jammy-updates/universe amd64 python3-pip all 22.0.2+dfsg-1ubuntu0.7 [1306 kB]", "Get:78 http://mirror.hetzner.com/ubuntu/packages jammy-updates/universe amd64 python3-pip-whl all 22.0.2+dfsg-1ubuntu0.7 [1683 kB]", "Get:79 http://mirror.hetzner.com/ubuntu/packages jammy-updates/universe amd64 python3-setuptools-whl all 59.6.0-1.2ubuntu0.22.04.3 [789 kB]", "Get:80 http://mirror.hetzner.com/ubuntu/packages jammy-updates/universe amd64 python3-venv amd64 3.10.6-1~22.04.1 [1042 B]", "Get:81 http://mirror.hetzner.com/ubuntu/packages jammy/main amd64 libffi-dev amd64 3.4.2-4 [63.7 kB]", "Fetched 80.5 MB in 2s (43.3 MB/s)", "Selecting previously unselected package libxau6:amd64.", "(Reading database ... ", "(Reading database ... 5%", "(Reading database ... 10%", "(Reading database ... 15%", "(Reading database ... 20%", "(Reading database ... 25%", "(Reading database ... 30%", "(Reading database ... 35%", "(Reading database ... 40%", "(Reading database ... 45%", "(Reading database ... 50%", "(Reading database ... 55%", "(Reading database ... 60%", "(Reading database ... 65%", "(Reading database ... 70%", "(Reading database ... 75%", "(Reading database ... 80%", "(Reading database ... 85%", "(Reading database ... 90%", "(Reading database ... 95%", "(Reading database ... 100%", "(Reading database ... 51003 files and directories currently installed.)", "Preparing to unpack .../00-libxau6_1%3a1.0.9-1build5_amd64.deb ...", "Unpacking libxau6:amd64 (1:1.0.9-1build5) ...", "Selecting previously unselected package libxdmcp6:amd64.", "Preparing to unpack .../01-libxdmcp6_1%3a1.1.3-0ubuntu5_amd64.deb ...", "Unpacking libxdmcp6:amd64 (1:1.1.3-0ubuntu5) ...", "Selecting previously unselected package libxcb1:amd64.", "Preparing to unpack .../02-libxcb1_1.14-3ubuntu3_amd64.deb ...", "Unpacking libxcb1:amd64 (1.14-3ubuntu3) ...", "Selecting previously unselected package libx11-data.", "Preparing to unpack .../03-libx11-data_2%3a1.7.5-1ubuntu0.3_all.deb ...", "Unpacking libx11-data (2:1.7.5-1ubuntu0.3) ...", "Selecting previously unselected package libx11-6:amd64.", "Preparing to unpack .../04-libx11-6_2%3a1.7.5-1ubuntu0.3_amd64.deb ...", "Unpacking libx11-6:amd64 (2:1.7.5-1ubuntu0.3) ...", "Selecting previously unselected package binutils-common:amd64.", "Preparing to unpack .../05-binutils-common_2.38-4ubuntu2.12_amd64.deb ...", "Unpacking binutils-common:amd64 (2.38-4ubuntu2.12) ...", "Selecting previously unselected package libbinutils:amd64.", "Preparing to unpack .../06-libbinutils_2.38-4ubuntu2.12_amd64.deb ...", "Unpacking libbinutils:amd64 (2.38-4ubuntu2.12) ...", "Selecting previously unselected package libctf-nobfd0:amd64.", "Preparing to unpack .../07-libctf-nobfd0_2.38-4ubuntu2.12_amd64.deb ...", "Unpacking libctf-nobfd0:amd64 (2.38-4ubuntu2.12) ...", "Selecting previously unselected package libctf0:amd64.", "Preparing to unpack .../08-libctf0_2.38-4ubuntu2.12_amd64.deb ...", "Unpacking libctf0:amd64 (2.38-4ubuntu2.12) ...", "Selecting previously unselected package binutils-x86-64-linux-gnu.", "Preparing to unpack .../09-binutils-x86-64-linux-gnu_2.38-4ubuntu2.12_amd64.deb ...", "Unpacking binutils-x86-64-linux-gnu (2.38-4ubuntu2.12) ...", "Selecting previously unselected package binutils.", "Preparing to unpack .../10-binutils_2.38-4ubuntu2.12_amd64.deb ...", "Unpacking binutils (2.38-4ubuntu2.12) ...", "Selecting previously unselected package libc-dev-bin.", "Preparing to unpack .../11-libc-dev-bin_2.35-0ubuntu3.13_amd64.deb ...", "Unpacking libc-dev-bin (2.35-0ubuntu3.13) ...", "Selecting previously unselected package linux-libc-dev:amd64.", "Preparing to unpack .../12-linux-libc-dev_5.15.0-168.178_amd64.deb ...", "Unpacking linux-libc-dev:amd64 (5.15.0-168.178) ...", "Selecting previously unselected package libcrypt-dev:amd64.", "Preparing to unpack .../13-libcrypt-dev_1%3a4.4.27-1_amd64.deb ...", "Unpacking libcrypt-dev:amd64 (1:4.4.27-1) ...", "Selecting previously unselected package rpcsvc-proto.", "Preparing to unpack .../14-rpcsvc-proto_1.4.2-0ubuntu6_amd64.deb ...", "Unpacking rpcsvc-proto (1.4.2-0ubuntu6) ...", "Selecting previously unselected package libtirpc-dev:amd64.", "Preparing to unpack .../15-libtirpc-dev_1.3.2-2ubuntu0.1_amd64.deb ...", "Unpacking libtirpc-dev:amd64 (1.3.2-2ubuntu0.1) ...", "Selecting previously unselected package libnsl-dev:amd64.", "Preparing to unpack .../16-libnsl-dev_1.3.0-2build2_amd64.deb ...", "Unpacking libnsl-dev:amd64 (1.3.0-2build2) ...", "Selecting previously unselected package libc6-dev:amd64.", "Preparing to unpack .../17-libc6-dev_2.35-0ubuntu3.13_amd64.deb ...", "Unpacking libc6-dev:amd64 (2.35-0ubuntu3.13) ...", "Selecting previously unselected package gcc-11-base:amd64.", "Preparing to unpack .../18-gcc-11-base_11.4.0-1ubuntu1~22.04.2_amd64.deb ...", "Unpacking gcc-11-base:amd64 (11.4.0-1ubuntu1~22.04.2) ...", "Selecting previously unselected package libisl23:amd64.", "Preparing to unpack .../19-libisl23_0.24-2build1_amd64.deb ...", "Unpacking libisl23:amd64 (0.24-2build1) ...", "Selecting previously unselected package libmpc3:amd64.", "Preparing to unpack .../20-libmpc3_1.2.1-2build1_amd64.deb ...", "Unpacking libmpc3:amd64 (1.2.1-2build1) ...", "Selecting previously unselected package cpp-11.", "Preparing to unpack .../21-cpp-11_11.4.0-1ubuntu1~22.04.2_amd64.deb ...", "Unpacking cpp-11 (11.4.0-1ubuntu1~22.04.2) ...", "Selecting previously unselected package cpp.", "Preparing to unpack .../22-cpp_4%3a11.2.0-1ubuntu1_amd64.deb ...", "Unpacking cpp (4:11.2.0-1ubuntu1) ...", "Selecting previously unselected package libcc1-0:amd64.", "Preparing to unpack .../23-libcc1-0_12.3.0-1ubuntu1~22.04.2_amd64.deb ...", "Unpacking libcc1-0:amd64 (12.3.0-1ubuntu1~22.04.2) ...", "Selecting previously unselected package libgomp1:amd64.", "Preparing to unpack .../24-libgomp1_12.3.0-1ubuntu1~22.04.2_amd64.deb ...", "Unpacking libgomp1:amd64 (12.3.0-1ubuntu1~22.04.2) ...", "Selecting previously unselected package libitm1:amd64.", "Preparing to unpack .../25-libitm1_12.3.0-1ubuntu1~22.04.2_amd64.deb ...", "Unpacking libitm1:amd64 (12.3.0-1ubuntu1~22.04.2) ...", "Selecting previously unselected package libatomic1:amd64.", "Preparing to unpack .../26-libatomic1_12.3.0-1ubuntu1~22.04.2_amd64.deb ...", "Unpacking libatomic1:amd64 (12.3.0-1ubuntu1~22.04.2) ...", "Selecting previously unselected package libasan6:amd64.", "Preparing to unpack .../27-libasan6_11.4.0-1ubuntu1~22.04.2_amd64.deb ...", "Unpacking libasan6:amd64 (11.4.0-1ubuntu1~22.04.2) ...", "Selecting previously unselected package liblsan0:amd64.", "Preparing to unpack .../28-liblsan0_12.3.0-1ubuntu1~22.04.2_amd64.deb ...", "Unpacking liblsan0:amd64 (12.3.0-1ubuntu1~22.04.2) ...", "Selecting previously unselected package libtsan0:amd64.", "Preparing to unpack .../29-libtsan0_11.4.0-1ubuntu1~22.04.2_amd64.deb ...", "Unpacking libtsan0:amd64 (11.4.0-1ubuntu1~22.04.2) ...", "Selecting previously unselected package libubsan1:amd64.", "Preparing to unpack .../30-libubsan1_12.3.0-1ubuntu1~22.04.2_amd64.deb ...", "Unpacking libubsan1:amd64 (12.3.0-1ubuntu1~22.04.2) ...", "Selecting previously unselected package libquadmath0:amd64.", "Preparing to unpack .../31-libquadmath0_12.3.0-1ubuntu1~22.04.2_amd64.deb ...", "Unpacking libquadmath0:amd64 (12.3.0-1ubuntu1~22.04.2) ...", "Selecting previously unselected package libgcc-11-dev:amd64.", "Preparing to unpack .../32-libgcc-11-dev_11.4.0-1ubuntu1~22.04.2_amd64.deb ...", "Unpacking libgcc-11-dev:amd64 (11.4.0-1ubuntu1~22.04.2) ...", "Selecting previously unselected package gcc-11.", "Preparing to unpack .../33-gcc-11_11.4.0-1ubuntu1~22.04.2_amd64.deb ...", "Unpacking gcc-11 (11.4.0-1ubuntu1~22.04.2) ...", "Selecting previously unselected package gcc.", "Preparing to unpack .../34-gcc_4%3a11.2.0-1ubuntu1_amd64.deb ...", "Unpacking gcc (4:11.2.0-1ubuntu1) ...", "Selecting previously unselected package libstdc++-11-dev:amd64.", "Preparing to unpack .../35-libstdc++-11-dev_11.4.0-1ubuntu1~22.04.2_amd64.deb ...", "Unpacking libstdc++-11-dev:amd64 (11.4.0-1ubuntu1~22.04.2) ...", "Selecting previously unselected package g++-11.", "Preparing to unpack .../36-g++-11_11.4.0-1ubuntu1~22.04.2_amd64.deb ...", "Unpacking g++-11 (11.4.0-1ubuntu1~22.04.2) ...", "Selecting previously unselected package g++.", "Preparing to unpack .../37-g++_4%3a11.2.0-1ubuntu1_amd64.deb ...", "Unpacking g++ (4:11.2.0-1ubuntu1) ...", "Selecting previously unselected package make.", "Preparing to unpack .../38-make_4.3-4.1build1_amd64.deb ...", "Unpacking make (4.3-4.1build1) ...", "Selecting previously unselected package libdpkg-perl.", "Preparing to unpack .../39-libdpkg-perl_1.21.1ubuntu2.6_all.deb ...", "Unpacking libdpkg-perl (1.21.1ubuntu2.6) ...", "Selecting previously unselected package bzip2.", "Preparing to unpack .../40-bzip2_1.0.8-5build1_amd64.deb ...", "Unpacking bzip2 (1.0.8-5build1) ...", "Selecting previously unselected package lto-disabled-list.", "Preparing to unpack .../41-lto-disabled-list_24_all.deb ...", "Unpacking lto-disabled-list (24) ...", "Selecting previously unselected package dpkg-dev.", "Preparing to unpack .../42-dpkg-dev_1.21.1ubuntu2.6_all.deb ...", "Unpacking dpkg-dev (1.21.1ubuntu2.6) ...", "Selecting previously unselected package build-essential.", "Preparing to unpack .../43-build-essential_12.9ubuntu3_amd64.deb ...", "Unpacking build-essential (12.9ubuntu3) ...", "Selecting previously unselected package libfakeroot:amd64.", "Preparing to unpack .../44-libfakeroot_1.28-1ubuntu1_amd64.deb ...", "Unpacking libfakeroot:amd64 (1.28-1ubuntu1) ...", "Selecting previously unselected package fakeroot.", "Preparing to unpack .../45-fakeroot_1.28-1ubuntu1_amd64.deb ...", "Unpacking fakeroot (1.28-1ubuntu1) ...", "Selecting previously unselected package fonts-dejavu-core.", "Preparing to unpack .../46-fonts-dejavu-core_2.37-2build1_all.deb ...", "Unpacking fonts-dejavu-core (2.37-2build1) ...", "Selecting previously unselected package fontconfig-config.", "Preparing to unpack .../47-fontconfig-config_2.13.1-4.2ubuntu5_all.deb ...", "Unpacking fontconfig-config (2.13.1-4.2ubuntu5) ...", "Selecting previously unselected package javascript-common.", "Preparing to unpack .../48-javascript-common_11+nmu1_all.deb ...", "Unpacking javascript-common (11+nmu1) ...", "Selecting previously unselected package libalgorithm-diff-perl.", "Preparing to unpack .../49-libalgorithm-diff-perl_1.201-1_all.deb ...", "Unpacking libalgorithm-diff-perl (1.201-1) ...", "Selecting previously unselected package libalgorithm-diff-xs-perl.", "Preparing to unpack .../50-libalgorithm-diff-xs-perl_0.04-6build3_amd64.deb ...", "Unpacking libalgorithm-diff-xs-perl (0.04-6build3) ...", "Selecting previously unselected package libalgorithm-merge-perl.", "Preparing to unpack .../51-libalgorithm-merge-perl_0.08-3_all.deb ...", "Unpacking libalgorithm-merge-perl (0.08-3) ...", "Selecting previously unselected package libfontconfig1:amd64.", "Preparing to unpack .../52-libfontconfig1_2.13.1-4.2ubuntu5_amd64.deb ...", "Unpacking libfontconfig1:amd64 (2.13.1-4.2ubuntu5) ...", "Selecting previously unselected package libjpeg-turbo8:amd64.", "Preparing to unpack .../53-libjpeg-turbo8_2.1.2-0ubuntu1_amd64.deb ...", "Unpacking libjpeg-turbo8:amd64 (2.1.2-0ubuntu1) ...", "Selecting previously unselected package libjpeg8:amd64.", "Preparing to unpack .../54-libjpeg8_8c-2ubuntu10_amd64.deb ...", "Unpacking libjpeg8:amd64 (8c-2ubuntu10) ...", "Selecting previously unselected package libdeflate0:amd64.", "Preparing to unpack .../55-libdeflate0_1.10-2_amd64.deb ...", "Unpacking libdeflate0:amd64 (1.10-2) ...", "Selecting previously unselected package libjbig0:amd64.", "Preparing to unpack .../56-libjbig0_2.1-3.1ubuntu0.22.04.1_amd64.deb ...", "Unpacking libjbig0:amd64 (2.1-3.1ubuntu0.22.04.1) ...", "Selecting previously unselected package libwebp7:amd64.", "Preparing to unpack .../57-libwebp7_1.2.2-2ubuntu0.22.04.2_amd64.deb ...", "Unpacking libwebp7:amd64 (1.2.2-2ubuntu0.22.04.2) ...", "Selecting previously unselected package libtiff5:amd64.", "Preparing to unpack .../58-libtiff5_4.3.0-6ubuntu0.12_amd64.deb ...", "Unpacking libtiff5:amd64 (4.3.0-6ubuntu0.12) ...", "Selecting previously unselected package libxpm4:amd64.", "Preparing to unpack .../59-libxpm4_1%3a3.5.12-1ubuntu0.22.04.2_amd64.deb ...", "Unpacking libxpm4:amd64 (1:3.5.12-1ubuntu0.22.04.2) ...", "Selecting previously unselected package libgd3:amd64.", "Preparing to unpack .../60-libgd3_2.3.0-2ubuntu2.3_amd64.deb ...", "Unpacking libgd3:amd64 (2.3.0-2ubuntu2.3) ...", "Selecting previously unselected package libc-devtools.", "Preparing to unpack .../61-libc-devtools_2.35-0ubuntu3.13_amd64.deb ...", "Unpacking libc-devtools (2.35-0ubuntu3.13) ...", "Selecting previously unselected package libexpat1-dev:amd64.", "Preparing to unpack .../62-libexpat1-dev_2.4.7-1ubuntu0.6_amd64.deb ...", "Unpacking libexpat1-dev:amd64 (2.4.7-1ubuntu0.6) ...", "Selecting previously unselected package libfile-fcntllock-perl.", "Preparing to unpack .../63-libfile-fcntllock-perl_0.22-3build7_amd64.deb ...", "Unpacking libfile-fcntllock-perl (0.22-3build7) ...", "Selecting previously unselected package libjs-jquery.", "Preparing to unpack .../64-libjs-jquery_3.6.0+dfsg+~3.5.13-1_all.deb ...", "Unpacking libjs-jquery (3.6.0+dfsg+~3.5.13-1) ...", "Selecting previously unselected package libjs-underscore.", "Preparing to unpack .../65-libjs-underscore_1.13.2~dfsg-2_all.deb ...", "Unpacking libjs-underscore (1.13.2~dfsg-2) ...", "Selecting previously unselected package libjs-sphinxdoc.", "Preparing to unpack .../66-libjs-sphinxdoc_4.3.2-1_all.deb ...", "Unpacking libjs-sphinxdoc (4.3.2-1) ...", "Selecting previously unselected package zlib1g-dev:amd64.", "Preparing to unpack .../67-zlib1g-dev_1%3a1.2.11.dfsg-2ubuntu9.2_amd64.deb ...", "Unpacking zlib1g-dev:amd64 (1:1.2.11.dfsg-2ubuntu9.2) ...", "Selecting previously unselected package libpython3.10-dev:amd64.", "Preparing to unpack .../68-libpython3.10-dev_3.10.12-1~22.04.14_amd64.deb ...", "Unpacking libpython3.10-dev:amd64 (3.10.12-1~22.04.14) ...", "Selecting previously unselected package libpython3-dev:amd64.", "Preparing to unpack .../69-libpython3-dev_3.10.6-1~22.04.1_amd64.deb ...", "Unpacking libpython3-dev:amd64 (3.10.6-1~22.04.1) ...", "Selecting previously unselected package libssl-dev:amd64.", "Preparing to unpack .../70-libssl-dev_3.0.2-0ubuntu1.21_amd64.deb ...", "Unpacking libssl-dev:amd64 (3.0.2-0ubuntu1.21) ...", "Selecting previously unselected package manpages-dev.", "Preparing to unpack .../71-manpages-dev_5.10-1ubuntu1_all.deb ...", "Unpacking manpages-dev (5.10-1ubuntu1) ...", "Selecting previously unselected package python3.10-dev.", "Preparing to unpack .../72-python3.10-dev_3.10.12-1~22.04.14_amd64.deb ...", "Unpacking python3.10-dev (3.10.12-1~22.04.14) ...", "Selecting previously unselected package python3-dev.", "Preparing to unpack .../73-python3-dev_3.10.6-1~22.04.1_amd64.deb ...", "Unpacking python3-dev (3.10.6-1~22.04.1) ...", "Selecting previously unselected package python3-wheel.", "Preparing to unpack .../74-python3-wheel_0.37.1-2ubuntu0.22.04.1_all.deb ...", "Unpacking python3-wheel (0.37.1-2ubuntu0.22.04.1) ...", "Selecting previously unselected package python3-pip.", "Preparing to unpack .../75-python3-pip_22.0.2+dfsg-1ubuntu0.7_all.deb ...", "Unpacking python3-pip (22.0.2+dfsg-1ubuntu0.7) ...", "Selecting previously unselected package python3-pip-whl.", "Preparing to unpack .../76-python3-pip-whl_22.0.2+dfsg-1ubuntu0.7_all.deb ...", "Unpacking python3-pip-whl (22.0.2+dfsg-1ubuntu0.7) ...", "Selecting previously unselected package python3-setuptools-whl.", "Preparing to unpack .../77-python3-setuptools-whl_59.6.0-1.2ubuntu0.22.04.3_all.deb ...", "Unpacking python3-setuptools-whl (59.6.0-1.2ubuntu0.22.04.3) ...", "Selecting previously unselected package python3.10-venv.", "Preparing to unpack .../78-python3.10-venv_3.10.12-1~22.04.14_amd64.deb ...", "Unpacking python3.10-venv (3.10.12-1~22.04.14) ...", "Selecting previously unselected package python3-venv.", "Preparing to unpack .../79-python3-venv_3.10.6-1~22.04.1_amd64.deb ...", "Unpacking python3-venv (3.10.6-1~22.04.1) ...", "Selecting previously unselected package libffi-dev:amd64.", "Preparing to unpack .../80-libffi-dev_3.4.2-4_amd64.deb ...", "Unpacking libffi-dev:amd64 (3.4.2-4) ...", "Setting up javascript-common (11+nmu1) ...", "Setting up gcc-11-base:amd64 (11.4.0-1ubuntu1~22.04.2) ...", "Setting up manpages-dev (5.10-1ubuntu1) ...", "Setting up libxau6:amd64 (1:1.0.9-1build5) ...", "Setting up libxdmcp6:amd64 (1:1.1.3-0ubuntu5) ...", "Setting up python3-setuptools-whl (59.6.0-1.2ubuntu0.22.04.3) ...", "Setting up lto-disabled-list (24) ...", "Setting up libxcb1:amd64 (1.14-3ubuntu3) ...", "Setting up libfile-fcntllock-perl (0.22-3build7) ...", "Setting up python3-pip-whl (22.0.2+dfsg-1ubuntu0.7) ...", "Setting up libalgorithm-diff-perl (1.201-1) ...", "Setting up binutils-common:amd64 (2.38-4ubuntu2.12) ...", "Setting up libdeflate0:amd64 (1.10-2) ...", "Setting up linux-libc-dev:amd64 (5.15.0-168.178) ...", "Setting up libctf-nobfd0:amd64 (2.38-4ubuntu2.12) ...", "Setting up libgomp1:amd64 (12.3.0-1ubuntu1~22.04.2) ...", "Setting up bzip2 (1.0.8-5build1) ...", "Setting up libffi-dev:amd64 (3.4.2-4) ...", "Setting up python3-wheel (0.37.1-2ubuntu0.22.04.1) ...", "Setting up libjbig0:amd64 (2.1-3.1ubuntu0.22.04.1) ...", "Setting up libfakeroot:amd64 (1.28-1ubuntu1) ...", "Setting up libasan6:amd64 (11.4.0-1ubuntu1~22.04.2) ...", "Setting up fakeroot (1.28-1ubuntu1) ...", "update-alternatives: using /usr/bin/fakeroot-sysv to provide /usr/bin/fakeroot (fakeroot) in auto mode", "Setting up libtirpc-dev:amd64 (1.3.2-2ubuntu0.1) ...", "Setting up rpcsvc-proto (1.4.2-0ubuntu6) ...", "Setting up libx11-data (2:1.7.5-1ubuntu0.3) ...", "Setting up make (4.3-4.1build1) ...", "Setting up libquadmath0:amd64 (12.3.0-1ubuntu1~22.04.2) ...", "Setting up libssl-dev:amd64 (3.0.2-0ubuntu1.21) ...", "Setting up libmpc3:amd64 (1.2.1-2build1) ...", "Setting up libatomic1:amd64 (12.3.0-1ubuntu1~22.04.2) ...", "Setting up fonts-dejavu-core (2.37-2build1) ...", "Setting up python3-pip (22.0.2+dfsg-1ubuntu0.7) ...", "Setting up libjpeg-turbo8:amd64 (2.1.2-0ubuntu1) ...", "Setting up libdpkg-perl (1.21.1ubuntu2.6) ...", "Setting up libwebp7:amd64 (1.2.2-2ubuntu0.22.04.2) ...", "Setting up libubsan1:amd64 (12.3.0-1ubuntu1~22.04.2) ...", "Setting up libnsl-dev:amd64 (1.3.0-2build2) ...", "Setting up libcrypt-dev:amd64 (1:4.4.27-1) ...", "Setting up libx11-6:amd64 (2:1.7.5-1ubuntu0.3) ...", "Setting up libjs-jquery (3.6.0+dfsg+~3.5.13-1) ...", "Setting up libbinutils:amd64 (2.38-4ubuntu2.12) ...", "Setting up libisl23:amd64 (0.24-2build1) ...", "Setting up libc-dev-bin (2.35-0ubuntu3.13) ...", "Setting up libalgorithm-diff-xs-perl (0.04-6build3) ...", "Setting up libcc1-0:amd64 (12.3.0-1ubuntu1~22.04.2) ...", "Setting up liblsan0:amd64 (12.3.0-1ubuntu1~22.04.2) ...", "Setting up libitm1:amd64 (12.3.0-1ubuntu1~22.04.2) ...", "Setting up libjs-underscore (1.13.2~dfsg-2) ...", "Setting up libalgorithm-merge-perl (0.08-3) ...", "Setting up libtsan0:amd64 (11.4.0-1ubuntu1~22.04.2) ...", "Setting up libctf0:amd64 (2.38-4ubuntu2.12) ...", "Setting up libjpeg8:amd64 (8c-2ubuntu10) ...", "Setting up cpp-11 (11.4.0-1ubuntu1~22.04.2) ...", "Setting up python3.10-venv (3.10.12-1~22.04.14) ...", "Setting up libxpm4:amd64 (1:3.5.12-1ubuntu0.22.04.2) ...", "Setting up fontconfig-config (2.13.1-4.2ubuntu5) ...", "Setting up python3-venv (3.10.6-1~22.04.1) ...", "Setting up libjs-sphinxdoc (4.3.2-1) ...", "Setting up libgcc-11-dev:amd64 (11.4.0-1ubuntu1~22.04.2) ...", "Setting up cpp (4:11.2.0-1ubuntu1) ...", "Setting up libc6-dev:amd64 (2.35-0ubuntu3.13) ...", "Setting up libtiff5:amd64 (4.3.0-6ubuntu0.12) ...", "Setting up libfontconfig1:amd64 (2.13.1-4.2ubuntu5) ...", "Setting up binutils-x86-64-linux-gnu (2.38-4ubuntu2.12) ...", "Setting up binutils (2.38-4ubuntu2.12) ...", "Setting up dpkg-dev (1.21.1ubuntu2.6) ...", "Setting up libexpat1-dev:amd64 (2.4.7-1ubuntu0.6) ...", "Setting up libgd3:amd64 (2.3.0-2ubuntu2.3) ...", "Setting up libstdc++-11-dev:amd64 (11.4.0-1ubuntu1~22.04.2) ...", "Setting up zlib1g-dev:amd64 (1:1.2.11.dfsg-2ubuntu9.2) ...", "Setting up gcc-11 (11.4.0-1ubuntu1~22.04.2) ...", "Setting up libc-devtools (2.35-0ubuntu3.13) ...", "Setting up g++-11 (11.4.0-1ubuntu1~22.04.2) ...", "Setting up gcc (4:11.2.0-1ubuntu1) ...", "Setting up libpython3.10-dev:amd64 (3.10.12-1~22.04.14) ...", "Setting up python3.10-dev (3.10.12-1~22.04.14) ...", "Setting up g++ (4:11.2.0-1ubuntu1) ...", "update-alternatives: using /usr/bin/g++ to provide /usr/bin/c++ (c++) in auto mode", "Setting up build-essential (12.9ubuntu3) ...", "Setting up libpython3-dev:amd64 (3.10.6-1~22.04.1) ...", "Setting up python3-dev (3.10.6-1~22.04.1) ...", "Processing triggers for libc-bin (2.35-0ubuntu3.13) ...", "Processing triggers for man-db (2.10.2-1) ...", "Processing triggers for install-info (6.8-4build1) ..."]}
2026-02-06T16:53:43.804158Z 01O 
2026-02-06T16:53:43.804375Z 01O TASK [atmosphere : Install poetry] *********************************************
2026-02-06T16:53:43.804377Z 01O task path: /home/gitlab-runner/builds/6b6O2to6P/0/root/ci-proxmox/ansible/roles/atmosphere/tasks/main.yml:19
2026-02-06T16:53:54.229303Z 01O changed: [openstack] => {"changed": true, "cmd": ["/usr/bin/pip3", "install", "poetry"], "name": ["poetry"], "requirements": null, "state": "present", "stderr": "WARNING: Running pip as the 'root' user can result in broken permissions and conflicting behaviour with the system package manager. It is recommended to use a virtual environment instead: https://pip.pypa.io/warnings/venv\n", "stderr_lines": ["WARNING: Running pip as the 'root' user can result in broken permissions and conflicting behaviour with the system package manager. It is recommended to use a virtual environment instead: https://pip.pypa.io/warnings/venv"], "stdout": "Collecting poetry\n  Downloading poetry-2.3.2-py3-none-any.whl (287 kB)\n     ━━━━━━━━━━━━━━━━━━━━━━━━━━━━━━━━━━━━━━━ 287.8/287.8 KB 5.1 MB/s eta 0:00:00\nCollecting findpython<0.8.0,>=0.6.2\n  Downloading findpython-0.7.1-py3-none-any.whl (21 kB)\nCollecting pyproject-hooks<2.0.0,>=1.0.0\n  Downloading pyproject_hooks-1.2.0-py3-none-any.whl (10 kB)\nCollecting dulwich<2,>=0.25.0\n  Downloading dulwich-1.0.0-cp310-cp310-manylinux_2_28_x86_64.whl (1.4 MB)\n     ━━━━━━━━━━━━━━━━━━━━━━━━━━━━━━━━━━━━━━━━ 1.4/1.4 MB 12.4 MB/s eta 0:00:00\nCollecting keyring<26.0.0,>=25.1.0\n  Downloading keyring-25.7.0-py3-none-any.whl (39 kB)\nCollecting platformdirs<5,>=3.0.0\n  Downloading platformdirs-4.5.1-py3-none-any.whl (18 kB)\nCollecting shellingham<2.0,>=1.5\n  Downloading shellingham-1.5.4-py2.py3-none-any.whl (9.8 kB)\nCollecting tomlkit<1.0.0,>=0.11.4\n  Downloading tomlkit-0.14.0-py3-none-any.whl (39 kB)\nCollecting cachecontrol[filecache]<0.15.0,>=0.14.0\n  Downloading cachecontrol-0.14.4-py3-none-any.whl (22 kB)\nCollecting pbs-installer[download,install]>=2025.6.10\n  Downloading pbs_installer-2026.2.3-py3-none-any.whl (70 kB)\n     ━━━━━━━━━━━━━━━━━━━━━━━━━━━━━━━━━━━━━━━━ 70.1/70.1 KB 6.8 MB/s eta 0:00:00\nCollecting cleo<3.0.0,>=2.1.0\n  Downloading cleo-2.1.0-py3-none-any.whl (78 kB)\n     ━━━━━━━━━━━━━━━━━━━━━━━━━━━━━━━━━━━━━━━━ 78.7/78.7 KB 12.9 MB/s eta 0:00:00\nCollecting build<2.0.0,>=1.2.1\n  Downloading build-1.4.0-py3-none-any.whl (24 kB)\nCollecting packaging>=24.2\n  Downloading packaging-26.0-py3-none-any.whl (74 kB)\n     ━━━━━━━━━━━━━━━━━━━━━━━━━━━━━━━━━━━━━━━━ 74.4/74.4 KB 6.8 MB/s eta 0:00:00\nCollecting fastjsonschema<3.0.0,>=2.18.0\n  Downloading fastjsonschema-2.21.2-py3-none-any.whl (24 kB)\nCollecting virtualenv>=20.26.6\n  Downloading virtualenv-20.36.1-py3-none-any.whl (6.0 MB)\n     ━━━━━━━━━━━━━━━━━━━━━━━━━━━━━━━━━━━━━━━━ 6.0/6.0 MB 29.1 MB/s eta 0:00:00\nCollecting tomli<3.0.0,>=2.0.1\n  Downloading tomli-2.4.0-py3-none-any.whl (14 kB)\nCollecting requests<3.0,>=2.26\n  Downloading requests-2.32.5-py3-none-any.whl (64 kB)\n     ━━━━━━━━━━━━━━━━━━━━━━━━━━━━━━━━━━━━━━━━ 64.7/64.7 KB 13.0 MB/s eta 0:00:00\nCollecting pkginfo<2.0,>=1.12\n  Downloading pkginfo-1.12.1.2-py3-none-any.whl (32 kB)\nCollecting trove-classifiers>=2022.5.19\n  Downloading trove_classifiers-2026.1.14.14-py3-none-any.whl (14 kB)\nCollecting requests-toolbelt<2.0.0,>=1.0.0\n  Downloading requests_toolbelt-1.0.0-py2.py3-none-any.whl (54 kB)\n     ━━━━━━━━━━━━━━━━━━━━━━━━━━━━━━━━━━━━━━━━ 54.5/54.5 KB 10.4 MB/s eta 0:00:00\nCollecting installer<0.8.0,>=0.7.0\n  Downloading installer-0.7.0-py3-none-any.whl (453 kB)\n     ━━━━━━━━━━━━━━━━━━━━━━━━━━━━━━━━━━━━━━ 453.8/453.8 KB 37.1 MB/s eta 0:00:00\nCollecting poetry-core==2.3.1\n  Downloading poetry_core-2.3.1-py3-none-any.whl (340 kB)\n     ━━━━━━━━━━━━━━━━━━━━━━━━━━━━━━━━━━━━━━ 340.9/340.9 KB 44.0 MB/s eta 0:00:00\nCollecting msgpack<2.0.0,>=0.5.2\n  Downloading msgpack-1.1.2-cp310-cp310-manylinux2014_x86_64.manylinux_2_17_x86_64.manylinux_2_28_x86_64.whl (406 kB)\n     ━━━━━━━━━━━━━━━━━━━━━━━━━━━━━━━━━━━━━━ 406.1/406.1 KB 26.0 MB/s eta 0:00:00\nCollecting filelock>=3.8.0\n  Downloading filelock-3.20.3-py3-none-any.whl (16 kB)\nCollecting rapidfuzz<4.0.0,>=3.0.0\n  Downloading rapidfuzz-3.14.3-cp310-cp310-manylinux_2_27_x86_64.manylinux_2_28_x86_64.whl (3.2 MB)\n     ━━━━━━━━━━━━━━━━━━━━━━━━━━━━━━━━━━━━━━━━ 3.2/3.2 MB 51.2 MB/s eta 0:00:00\nCollecting crashtest<0.5.0,>=0.4.1\n  Downloading crashtest-0.4.1-py3-none-any.whl (7.6 kB)\nCollecting typing_extensions>=4.6.0\n  Downloading typing_extensions-4.15.0-py3-none-any.whl (44 kB)\n     ━━━━━━━━━━━━━━━━━━━━━━━━━━━━━━━━━━━━━━━━ 44.6/44.6 KB 8.6 MB/s eta 0:00:00\nCollecting urllib3>=2.2.2\n  Downloading urllib3-2.6.3-py3-none-any.whl (131 kB)\n     ━━━━━━━━━━━━━━━━━━━━━━━━━━━━━━━━━━━━━━ 131.6/131.6 KB 15.9 MB/s eta 0:00:00\nCollecting jaraco.classes\n  Downloading jaraco.classes-3.4.0-py3-none-any.whl (6.8 kB)\nRequirement already satisfied: SecretStorage>=3.2 in /usr/lib/python3/dist-packages (from keyring<26.0.0,>=25.1.0->poetry) (3.3.1)\nCollecting importlib_metadata>=4.11.4\n  Downloading importlib_metadata-8.7.1-py3-none-any.whl (27 kB)\nCollecting jaraco.functools\n  Downloading jaraco_functools-4.4.0-py3-none-any.whl (10 kB)\nRequirement already satisfied: jeepney>=0.4.2 in /usr/lib/python3/dist-packages (from keyring<26.0.0,>=25.1.0->poetry) (0.7.1)\nCollecting jaraco.context\n  Downloading jaraco_context-6.1.0-py3-none-any.whl (7.1 kB)\nCollecting httpx<1,>=0.27.0\n  Downloading httpx-0.28.1-py3-none-any.whl (73 kB)\n     ━━━━━━━━━━━━━━━━━━━━━━━━━━━━━━━━━━━━━━━━ 73.5/73.5 KB 14.3 MB/s eta 0:00:00\nCollecting zstandard>=0.21.0\n  Downloading zstandard-0.25.0-cp310-cp310-manylinux2014_x86_64.manylinux_2_17_x86_64.whl (5.6 MB)\n     ━━━━━━━━━━━━━━━━━━━━━━━━━━━━━━━━━━━━━━━━ 5.6/5.6 MB 74.1 MB/s eta 0:00:00\nCollecting certifi>=2017.4.17\n  Downloading certifi-2026.1.4-py3-none-any.whl (152 kB)\n     ━━━━━━━━━━━━━━━━━━━━━━━━━━━━━━━━━━━━━━ 152.9/152.9 KB 28.8 MB/s eta 0:00:00\nRequirement already satisfied: idna<4,>=2.5 in /usr/lib/python3/dist-packages (from requests<3.0,>=2.26->poetry) (3.3)\nCollecting charset_normalizer<4,>=2\n  Downloading charset_normalizer-3.4.4-cp310-cp310-manylinux2014_x86_64.manylinux_2_17_x86_64.manylinux_2_28_x86_64.whl (153 kB)\n     ━━━━━━━━━━━━━━━━━━━━━━━━━━━━━━━━━━━━━━ 153.6/153.6 KB 12.0 MB/s eta 0:00:00\nCollecting distlib<1,>=0.3.7\n  Downloading distlib-0.4.0-py2.py3-none-any.whl (469 kB)\n     ━━━━━━━━━━━━━━━━━━━━━━━━━━━━━━━━━━━━━━ 469.0/469.0 KB 41.8 MB/s eta 0:00:00\nCollecting httpcore==1.*\n  Downloading httpcore-1.0.9-py3-none-any.whl (78 kB)\n     ━━━━━━━━━━━━━━━━━━━━━━━━━━━━━━━━━━━━━━━━ 78.8/78.8 KB 15.4 MB/s eta 0:00:00\nCollecting anyio\n  Downloading anyio-4.12.1-py3-none-any.whl (113 kB)\n     ━━━━━━━━━━━━━━━━━━━━━━━━━━━━━━━━━━━━━━ 113.6/113.6 KB 22.7 MB/s eta 0:00:00\nCollecting h11>=0.16\n  Downloading h11-0.16.0-py3-none-any.whl (37 kB)\nCollecting zipp>=3.20\n  Downloading zipp-3.23.0-py3-none-any.whl (10 kB)\nRequirement already satisfied: more-itertools in /usr/lib/python3/dist-packages (from jaraco.classes->keyring<26.0.0,>=25.1.0->poetry) (8.10.0)\nCollecting backports.tarfile\n  Downloading backports.tarfile-1.2.0-py3-none-any.whl (30 kB)\nCollecting exceptiongroup>=1.0.2\n  Downloading exceptiongroup-1.3.1-py3-none-any.whl (16 kB)\nInstalling collected packages: trove-classifiers, fastjsonschema, distlib, zstandard, zipp, urllib3, typing_extensions, tomlkit, tomli, shellingham, rapidfuzz, pyproject-hooks, poetry-core, platformdirs, pkginfo, pbs-installer, packaging, msgpack, jaraco.functools, jaraco.classes, installer, h11, filelock, crashtest, charset_normalizer, certifi, backports.tarfile, virtualenv, requests, jaraco.context, importlib_metadata, httpcore, findpython, exceptiongroup, dulwich, cleo, build, requests-toolbelt, keyring, cachecontrol, anyio, httpx, poetry\n  Attempting uninstall: zipp\n    Found existing installation: zipp 1.0.0\n    Not uninstalling zipp at /usr/lib/python3/dist-packages, outside environment /usr\n    Can't uninstall 'zipp'. No files were found to uninstall.\n  Attempting uninstall: packaging\n    Found existing installation: packaging 21.3\n    Not uninstalling packaging at /usr/lib/python3/dist-packages, outside environment /usr\n    Can't uninstall 'packaging'. No files were found to uninstall.\n  Attempting uninstall: importlib_metadata\n    Found existing installation: importlib-metadata 4.6.4\n    Not uninstalling importlib-metadata at /usr/lib/python3/dist-packages, outside environment /usr\n    Can't uninstall 'importlib-metadata'. No files were found to uninstall.\n  Attempting uninstall: keyring\n    Found existing installation: keyring 23.5.0\n    Not uninstalling keyring at /usr/lib/python3/dist-packages, outside environment /usr\n    Can't uninstall 'keyring'. No files were found to uninstall.\nSuccessfully installed anyio-4.12.1 backports.tarfile-1.2.0 build-1.4.0 cachecontrol-0.14.4 certifi-2026.1.4 charset_normalizer-3.4.4 cleo-2.1.0 crashtest-0.4.1 distlib-0.4.0 dulwich-1.0.0 exceptiongroup-1.3.1 fastjsonschema-2.21.2 filelock-3.20.3 findpython-0.7.1 h11-0.16.0 httpcore-1.0.9 httpx-0.28.1 importlib_metadata-8.7.1 installer-0.7.0 jaraco.classes-3.4.0 jaraco.context-6.1.0 jaraco.functools-4.4.0 keyring-25.7.0 msgpack-1.1.2 packaging-26.0 pbs-installer-2026.2.3 pkginfo-1.12.1.2 platformdirs-4.5.1 poetry-2.3.2 poetry-core-2.3.1 pyproject-hooks-1.2.0 rapidfuzz-3.14.3 requests-2.32.5 requests-toolbelt-1.0.0 shellingham-1.5.4 tomli-2.4.0 tomlkit-0.14.0 trove-classifiers-2026.1.14.14 typing_extensions-4.15.0 urllib3-2.6.3 virtualenv-20.36.1 zipp-3.23.0 zstandard-0.25.0\n", "stdout_lines": ["Collecting poetry", "  Downloading poetry-2.3.2-py3-none-any.whl (287 kB)", "     ━━━━━━━━━━━━━━━━━━━━━━━━━━━━━━━━━━━━━━━ 287.8/287.8 KB 5.1 MB/s eta 0:00:00", "Collecting findpython<0.8.0,>=0.6.2", "  Downloading findpython-0.7.1-py3-none-any.whl (21 kB)", "Collecting pyproject-hooks<2.0.0,>=1.0.0", "  Downloading pyproject_hooks-1.2.0-py3-none-any.whl (10 kB)", "Collecting dulwich<2,>=0.25.0", "  Downloading dulwich-1.0.0-cp310-cp310-manylinux_2_28_x86_64.whl (1.4 MB)", "     ━━━━━━━━━━━━━━━━━━━━━━━━━━━━━━━━━━━━━━━━ 1.4/1.4 MB 12.4 MB/s eta 0:00:00", "Collecting keyring<26.0.0,>=25.1.0", "  Downloading keyring-25.7.0-py3-none-any.whl (39 kB)", "Collecting platformdirs<5,>=3.0.0", "  Downloading platformdirs-4.5.1-py3-none-any.whl (18 kB)", "Collecting shellingham<2.0,>=1.5", "  Downloading shellingham-1.5.4-py2.py3-none-any.whl (9.8 kB)", "Collecting tomlkit<1.0.0,>=0.11.4", "  Downloading tomlkit-0.14.0-py3-none-any.whl (39 kB)", "Collecting cachecontrol[filecache]<0.15.0,>=0.14.0", "  Downloading cachecontrol-0.14.4-py3-none-any.whl (22 kB)", "Collecting pbs-installer[download,install]>=2025.6.10", "  Downloading pbs_installer-2026.2.3-py3-none-any.whl (70 kB)", "     ━━━━━━━━━━━━━━━━━━━━━━━━━━━━━━━━━━━━━━━━ 70.1/70.1 KB 6.8 MB/s eta 0:00:00", "Collecting cleo<3.0.0,>=2.1.0", "  Downloading cleo-2.1.0-py3-none-any.whl (78 kB)", "     ━━━━━━━━━━━━━━━━━━━━━━━━━━━━━━━━━━━━━━━━ 78.7/78.7 KB 12.9 MB/s eta 0:00:00", "Collecting build<2.0.0,>=1.2.1", "  Downloading build-1.4.0-py3-none-any.whl (24 kB)", "Collecting packaging>=24.2", "  Downloading packaging-26.0-py3-none-any.whl (74 kB)", "     ━━━━━━━━━━━━━━━━━━━━━━━━━━━━━━━━━━━━━━━━ 74.4/74.4 KB 6.8 MB/s eta 0:00:00", "Collecting fastjsonschema<3.0.0,>=2.18.0", "  Downloading fastjsonschema-2.21.2-py3-none-any.whl (24 kB)", "Collecting virtualenv>=20.26.6", "  Downloading virtualenv-20.36.1-py3-none-any.whl (6.0 MB)", "     ━━━━━━━━━━━━━━━━━━━━━━━━━━━━━━━━━━━━━━━━ 6.0/6.0 MB 29.1 MB/s eta 0:00:00", "Collecting tomli<3.0.0,>=2.0.1", "  Downloading tomli-2.4.0-py3-none-any.whl (14 kB)", "Collecting requests<3.0,>=2.26", "  Downloading requests-2.32.5-py3-none-any.whl (64 kB)", "     ━━━━━━━━━━━━━━━━━━━━━━━━━━━━━━━━━━━━━━━━ 64.7/64.7 KB 13.0 MB/s eta 0:00:00", "Collecting pkginfo<2.0,>=1.12", "  Downloading pkginfo-1.12.1.2-py3-none-any.whl (32 kB)", "Collecting trove-classifiers>=2022.5.19", "  Downloading trove_classifiers-2026.1.14.14-py3-none-any.whl (14 kB)", "Collecting requests-toolbelt<2.0.0,>=1.0.0", "  Downloading requests_toolbelt-1.0.0-py2.py3-none-any.whl (54 kB)", "     ━━━━━━━━━━━━━━━━━━━━━━━━━━━━━━━━━━━━━━━━ 54.5/54.5 KB 10.4 MB/s eta 0:00:00", "Collecting installer<0.8.0,>=0.7.0", "  Downloading installer-0.7.0-py3-none-any.whl (453 kB)", "     ━━━━━━━━━━━━━━━━━━━━━━━━━━━━━━━━━━━━━━ 453.8/453.8 KB 37.1 MB/s eta 0:00:00", "Collecting poetry-core==2.3.1", "  Downloading poetry_core-2.3.1-py3-none-any.whl (340 kB)", "     ━━━━━━━━━━━━━━━━━━━━━━━━━━━━━━━━━━━━━━ 340.9/340.9 KB 44.0 MB/s eta 0:00:00", "Collecting msgpack<2.0.0,>=0.5.2", "  Downloading msgpack-1.1.2-cp310-cp310-manylinux2014_x86_64.manylinux_2_17_x86_64.manylinux_2_28_x86_64.whl (406 kB)", "     ━━━━━━━━━━━━━━━━━━━━━━━━━━━━━━━━━━━━━━ 406.1/406.1 KB 26.0 MB/s eta 0:00:00", "Collecting filelock>=3.8.0", "  Downloading filelock-3.20.3-py3-none-any.whl (16 kB)", "Collecting rapidfuzz<4.0.0,>=3.0.0", "  Downloading rapidfuzz-3.14.3-cp310-cp310-manylinux_2_27_x86_64.manylinux_2_28_x86_64.whl (3.2 MB)", "     ━━━━━━━━━━━━━━━━━━━━━━━━━━━━━━━━━━━━━━━━ 3.2/3.2 MB 51.2 MB/s eta 0:00:00", "Collecting crashtest<0.5.0,>=0.4.1", "  Downloading crashtest-0.4.1-py3-none-any.whl (7.6 kB)", "Collecting typing_extensions>=4.6.0", "  Downloading typing_extensions-4.15.0-py3-none-any.whl (44 kB)", "     ━━━━━━━━━━━━━━━━━━━━━━━━━━━━━━━━━━━━━━━━ 44.6/44.6 KB 8.6 MB/s eta 0:00:00", "Collecting urllib3>=2.2.2", "  Downloading urllib3-2.6.3-py3-none-any.whl (131 kB)", "     ━━━━━━━━━━━━━━━━━━━━━━━━━━━━━━━━━━━━━━ 131.6/131.6 KB 15.9 MB/s eta 0:00:00", "Collecting jaraco.classes", "  Downloading jaraco.classes-3.4.0-py3-none-any.whl (6.8 kB)", "Requirement already satisfied: SecretStorage>=3.2 in /usr/lib/python3/dist-packages (from keyring<26.0.0,>=25.1.0->poetry) (3.3.1)", "Collecting importlib_metadata>=4.11.4", "  Downloading importlib_metadata-8.7.1-py3-none-any.whl (27 kB)", "Collecting jaraco.functools", "  Downloading jaraco_functools-4.4.0-py3-none-any.whl (10 kB)", "Requirement already satisfied: jeepney>=0.4.2 in /usr/lib/python3/dist-packages (from keyring<26.0.0,>=25.1.0->poetry) (0.7.1)", "Collecting jaraco.context", "  Downloading jaraco_context-6.1.0-py3-none-any.whl (7.1 kB)", "Collecting httpx<1,>=0.27.0", "  Downloading httpx-0.28.1-py3-none-any.whl (73 kB)", "     ━━━━━━━━━━━━━━━━━━━━━━━━━━━━━━━━━━━━━━━━ 73.5/73.5 KB 14.3 MB/s eta 0:00:00", "Collecting zstandard>=0.21.0", "  Downloading zstandard-0.25.0-cp310-cp310-manylinux2014_x86_64.manylinux_2_17_x86_64.whl (5.6 MB)", "     ━━━━━━━━━━━━━━━━━━━━━━━━━━━━━━━━━━━━━━━━ 5.6/5.6 MB 74.1 MB/s eta 0:00:00", "Collecting certifi>=2017.4.17", "  Downloading certifi-2026.1.4-py3-none-any.whl (152 kB)", "     ━━━━━━━━━━━━━━━━━━━━━━━━━━━━━━━━━━━━━━ 152.9/152.9 KB 28.8 MB/s eta 0:00:00", "Requirement already satisfied: idna<4,>=2.5 in /usr/lib/python3/dist-packages (from requests<3.0,>=2.26->poetry) (3.3)", "Collecting charset_normalizer<4,>=2", "  Downloading charset_normalizer-3.4.4-cp310-cp310-manylinux2014_x86_64.manylinux_2_17_x86_64.manylinux_2_28_x86_64.whl (153 kB)", "     ━━━━━━━━━━━━━━━━━━━━━━━━━━━━━━━━━━━━━━ 153.6/153.6 KB 12.0 MB/s eta 0:00:00", "Collecting distlib<1,>=0.3.7", "  Downloading distlib-0.4.0-py2.py3-none-any.whl (469 kB)", "     ━━━━━━━━━━━━━━━━━━━━━━━━━━━━━━━━━━━━━━ 469.0/469.0 KB 41.8 MB/s eta 0:00:00", "Collecting httpcore==1.*", "  Downloading httpcore-1.0.9-py3-none-any.whl (78 kB)", "     ━━━━━━━━━━━━━━━━━━━━━━━━━━━━━━━━━━━━━━━━ 78.8/78.8 KB 15.4 MB/s eta 0:00:00", "Collecting anyio", "  Downloading anyio-4.12.1-py3-none-any.whl (113 kB)", "     ━━━━━━━━━━━━━━━━━━━━━━━━━━━━━━━━━━━━━━ 113.6/113.6 KB 22.7 MB/s eta 0:00:00", "Collecting h11>=0.16", "  Downloading h11-0.16.0-py3-none-any.whl (37 kB)", "Collecting zipp>=3.20", "  Downloading zipp-3.23.0-py3-none-any.whl (10 kB)", "Requirement already satisfied: more-itertools in /usr/lib/python3/dist-packages (from jaraco.classes->keyring<26.0.0,>=25.1.0->poetry) (8.10.0)", "Collecting backports.tarfile", "  Downloading backports.tarfile-1.2.0-py3-none-any.whl (30 kB)", "Collecting exceptiongroup>=1.0.2", "  Downloading exceptiongroup-1.3.1-py3-none-any.whl (16 kB)", "Installing collected packages: trove-classifiers, fastjsonschema, distlib, zstandard, zipp, urllib3, typing_extensions, tomlkit, tomli, shellingham, rapidfuzz, pyproject-hooks, poetry-core, platformdirs, pkginfo, pbs-installer, packaging, msgpack, jaraco.functools, jaraco.classes, installer, h11, filelock, crashtest, charset_normalizer, certifi, backports.tarfile, virtualenv, requests, jaraco.context, importlib_metadata, httpcore, findpython, exceptiongroup, dulwich, cleo, build, requests-toolbelt, keyring, cachecontrol, anyio, httpx, poetry", "  Attempting uninstall: zipp", "    Found existing installation: zipp 1.0.0", "    Not uninstalling zipp at /usr/lib/python3/dist-packages, outside environment /usr", "    Can't uninstall 'zipp'. No files were found to uninstall.", "  Attempting uninstall: packaging", "    Found existing installation: packaging 21.3", "    Not uninstalling packaging at /usr/lib/python3/dist-packages, outside environment /usr", "    Can't uninstall 'packaging'. No files were found to uninstall.", "  Attempting uninstall: importlib_metadata", "    Found existing installation: importlib-metadata 4.6.4", "    Not uninstalling importlib-metadata at /usr/lib/python3/dist-packages, outside environment /usr", "    Can't uninstall 'importlib-metadata'. No files were found to uninstall.", "  Attempting uninstall: keyring", "    Found existing installation: keyring 23.5.0", "    Not uninstalling keyring at /usr/lib/python3/dist-packages, outside environment /usr", "    Can't uninstall 'keyring'. No files were found to uninstall.", "Successfully installed anyio-4.12.1 backports.tarfile-1.2.0 build-1.4.0 cachecontrol-0.14.4 certifi-2026.1.4 charset_normalizer-3.4.4 cleo-2.1.0 crashtest-0.4.1 distlib-0.4.0 dulwich-1.0.0 exceptiongroup-1.3.1 fastjsonschema-2.21.2 filelock-3.20.3 findpython-0.7.1 h11-0.16.0 httpcore-1.0.9 httpx-0.28.1 importlib_metadata-8.7.1 installer-0.7.0 jaraco.classes-3.4.0 jaraco.context-6.1.0 jaraco.functools-4.4.0 keyring-25.7.0 msgpack-1.1.2 packaging-26.0 pbs-installer-2026.2.3 pkginfo-1.12.1.2 platformdirs-4.5.1 poetry-2.3.2 poetry-core-2.3.1 pyproject-hooks-1.2.0 rapidfuzz-3.14.3 requests-2.32.5 requests-toolbelt-1.0.0 shellingham-1.5.4 tomli-2.4.0 tomlkit-0.14.0 trove-classifiers-2026.1.14.14 typing_extensions-4.15.0 urllib3-2.6.3 virtualenv-20.36.1 zipp-3.23.0 zstandard-0.25.0"], "version": null, "virtualenv": null}
2026-02-06T16:53:54.234268Z 01O 
2026-02-06T16:53:54.234271Z 01O TASK [atmosphere : Clone Atmosphere repository] ********************************
2026-02-06T16:53:54.234272Z 01O task path: /home/gitlab-runner/builds/6b6O2to6P/0/root/ci-proxmox/ansible/roles/atmosphere/tasks/main.yml:25
2026-02-06T16:53:58.864248Z 01O changed: [openstack] => {"after": "1a0877424e579de0e125f0d14a44253db7a36994", "before": null, "changed": true}
2026-02-06T16:53:58.864256Z 01O 
2026-02-06T16:53:58.864257Z 01O TASK [atmosphere : Install Atmosphere dependencies with poetry] ****************
2026-02-06T16:53:58.864258Z 01O task path: /home/gitlab-runner/builds/6b6O2to6P/0/root/ci-proxmox/ansible/roles/atmosphere/tasks/main.yml:33
2026-02-06T16:54:00.621227Z 01O [ERROR]: Task failed: Module failed: non-zero return code
2026-02-06T16:54:00.621238Z 01O Origin: /home/gitlab-runner/builds/6b6O2to6P/0/root/ci-proxmox/ansible/roles/atmosphere/tasks/main.yml:33:3
2026-02-06T16:54:00.621241Z 01O 
2026-02-06T16:54:00.621241Z 01O 31   become: true
2026-02-06T16:54:00.621242Z 01O 32
2026-02-06T16:54:00.621243Z 01O 33 - name: Install Atmosphere dependencies with poetry
2026-02-06T16:54:00.621244Z 01O      ^ column 3
2026-02-06T16:54:00.621245Z 01O 
2026-02-06T16:54:00.621246Z 01O fatal: [openstack]: FAILED! => {"changed": true, "cmd": ["poetry", "install", "--with", "dev"], "delta": "0:00:00.394004", "end": "2026-02-06 17:54:00.472273", "msg": "non-zero return code", "rc": 1, "start": "2026-02-06 17:54:00.078269", "stderr": "\nThe Poetry configuration is invalid:\n  - Either [project.version] or [tool.poetry.version] is required in package mode.", "stderr_lines": ["", "The Poetry configuration is invalid:", "  - Either [project.version] or [tool.poetry.version] is required in package mode."], "stdout": "", "stdout_lines": []}
2026-02-06T16:54:00.621250Z 01O 
2026-02-06T16:54:00.621251Z 01O PLAY RECAP *********************************************************************
2026-02-06T16:54:00.621252Z 01O openstack                  : ok=5    changed=4    unreachable=0    failed=1    skipped=0    rescued=0    ignored=0   
2026-02-06T16:54:00.621253Z 01O 
2026-02-06T16:54:00.695569Z 00O section_end:1770396840:step_script
2026-02-06T16:54:00.695578Z 00O+[0Ksection_start:1770396840:cleanup_file_variables
2026-02-06T16:54:00.696289Z 00O+[0K[0K[36;1mCleaning up project directory and file based variables[0;m[0;m
2026-02-06T16:54:00.907388Z 00O section_end:1770396840:cleanup_file_variables
2026-02-06T16:54:00.907397Z 00O+[0K
2026-02-06T16:54:00.907522Z 00O [31;1mERROR: Job failed: exit status 1[0;m
